#
# There is insufficient memory for the Java Runtime Environment to continue.
# Native memory allocation (malloc) failed to allocate 596816 bytes for Chunk::new
# Possible reasons:
#   The system is out of physical RAM or swap space
#   In 32 bit mode, the process size limit was hit
# Possible solutions:
#   Reduce memory load on the system
#   Increase physical memory or swap space
#   Check if swap backing store is full
#   Use 64 bit Java on a 64 bit OS
#   Decrease Java heap size (-Xmx/-Xms)
#   Decrease number of Java threads
#   Decrease Java thread stack sizes (-Xss)
#   Set larger code cache with -XX:ReservedCodeCacheSize=
# This output file may be truncated or incomplete.
#
#  Out of Memory Error (allocation.cpp:390), pid=4304, tid=1556
#
# JRE version: Java(TM) SE Runtime Environment (8.0_73-b02) (build 1.8.0_73-b02)
# Java VM: Java HotSpot(TM) 64-Bit Server VM (25.73-b02 mixed mode windows-amd64 compressed oops)
# Failed to write core dump. Minidumps are not enabled by default on client versions of Windows
#

---------------  T H R E A D  ---------------

Current thread (0x0000000016efe000):  JavaThread "C2 CompilerThread2" daemon [_thread_in_native, id=1556, stack(0x00000000176d0000,0x00000000177d0000)]

Stack: [0x00000000176d0000,0x00000000177d0000]
[error occurred during error reporting (printing stack bounds), id 0xc0000005]

Native frames: (J=compiled Java code, j=interpreted, Vv=VM code, C=native code)


Current CompileTask:
C2:   1436 1145       4       com.android.dx.ssa.back.FirstFitLocalCombiningAllocator$1::processInsn (169 bytes)


---------------  P R O C E S S  ---------------

Java Threads: ( => current thread )
  0x00000000171da800 JavaThread "pool-1-thread-4" [_thread_in_vm, id=7052, stack(0x0000000017ed0000,0x0000000017fd0000)]
  0x00000000170c6000 JavaThread "pool-2-thread-1" [_thread_blocked, id=2476, stack(0x0000000017bd0000,0x0000000017cd0000)]
  0x0000000016fa7800 JavaThread "Service Thread" daemon [_thread_blocked, id=7328, stack(0x00000000178d0000,0x00000000179d0000)]
  0x0000000016f04800 JavaThread "C1 CompilerThread3" daemon [_thread_in_native, id=7840, stack(0x00000000177d0000,0x00000000178d0000)]
=>0x0000000016efe000 JavaThread "C2 CompilerThread2" daemon [_thread_in_native, id=1556, stack(0x00000000176d0000,0x00000000177d0000)]
  0x0000000016efc000 JavaThread "C2 CompilerThread1" daemon [_thread_in_native, id=1164, stack(0x00000000175d0000,0x00000000176d0000)]
  0x0000000016ef7800 JavaThread "C2 CompilerThread0" daemon [_thread_in_native, id=1372, stack(0x00000000174d0000,0x00000000175d0000)]
  0x0000000016ef6000 JavaThread "Attach Listener" daemon [_thread_blocked, id=7900, stack(0x00000000173d0000,0x00000000174d0000)]
  0x0000000016ef5800 JavaThread "Signal Dispatcher" daemon [_thread_blocked, id=3792, stack(0x00000000172d0000,0x00000000173d0000)]
  0x00000000022e3000 JavaThread "Finalizer" daemon [_thread_blocked, id=2848, stack(0x0000000016cf0000,0x0000000016df0000)]
  0x00000000022e2000 JavaThread "Reference Handler" daemon [_thread_blocked, id=4312, stack(0x0000000016bf0000,0x0000000016cf0000)]
  0x00000000021f0800 JavaThread "main" [_thread_blocked, id=4400, stack(0x0000000001ff0000,0x00000000020f0000)]

Other Threads:
  0x0000000014e09000 VMThread [stack: 0x0000000016af0000,0x0000000016bf0000] [id=4196]
  0x0000000016fb3800 WatcherThread [stack: 0x00000000179d0000,0x0000000017ad0000] [id=7512]

VM state:not at safepoint (normal execution)

VM Mutex/Monitor currently owned by a thread: None

Heap:
 PSYoungGen      total 38400K, used 8129K [0x00000000eab00000, 0x00000000ef600000, 0x0000000100000000)
  eden space 33280K, 9% used [0x00000000eab00000,0x00000000eadf8660,0x00000000ecb80000)
  from space 5120K, 99% used [0x00000000ecb80000,0x00000000ed078048,0x00000000ed080000)
  to   space 5120K, 0% used [0x00000000ef100000,0x00000000ef100000,0x00000000ef600000)
 ParOldGen       total 87552K, used 1354K [0x00000000c0000000, 0x00000000c5580000, 0x00000000eab00000)
  object space 87552K, 1% used [0x00000000c0000000,0x00000000c0152878,0x00000000c5580000)
 Metaspace       used 5944K, capacity 6898K, committed 7040K, reserved 1056768K
  class space    used 604K, capacity 618K, committed 640K, reserved 1048576K

Card table byte_map: [0x00000000116b0000,0x00000000118c0000] byte_map_base: 0x00000000110b0000

Marking Bits: (ParMarkBitMap*) 0x00000000630e0600
 Begin Bits: [0x0000000012220000, 0x0000000013220000)
 End Bits:   [0x0000000013220000, 0x0000000014220000)

Polling page: 0x0000000001ec0000

CodeCache: size=245760Kb used=4613Kb max_used=4613Kb free=241146Kb
 bounds [0x00000000022f0000, 0x0000000002780000, 0x00000000112f0000]
 total_blobs=1415 nmethods=1145 adapters=182
 compilation: enabled

Compilation events (10 events):
Event: 1.398 Thread 0x0000000016f04800 nmethod 1146 0x0000000002768d50 code [0x0000000002769020, 0x000000000276a3a8]
Event: 1.398 Thread 0x0000000016f04800 1150       3       com.android.dx.cf.code.BasicBlocker::getBlockList (208 bytes)
Event: 1.399 Thread 0x0000000016f04800 nmethod 1150 0x000000000276fe10 code [0x0000000002770080, 0x00000000027712a8]
Event: 1.400 Thread 0x0000000016f04800 1149       3       com.android.dx.cf.code.BytecodeArray::processWorkSet (50 bytes)
Event: 1.400 Thread 0x0000000016f04800 nmethod 1149 0x0000000002768390 code [0x0000000002768540, 0x0000000002768ab8]
Event: 1.400 Thread 0x0000000016f04800 1153       3       com.android.dx.rop.type.Prototype::getParameterFrameTypes (96 bytes)
Event: 1.401 Thread 0x0000000016f04800 nmethod 1153 0x0000000002771d50 code [0x0000000002771fa0, 0x0000000002772fb8]
Event: 1.401 Thread 0x0000000016f04800 1151       3       com.android.dx.rop.cst.TypedConstant::getFrameType (2 bytes)
Event: 1.401 Thread 0x0000000016f04800 nmethod 1151 0x0000000002773a50 code [0x0000000002773ba0, 0x0000000002773cf0]
Event: 1.432 Thread 0x0000000016f04800 1155       3       com.android.dx.ssa.SsaMethod::convertRopToSsaBlocks (103 bytes)

GC Heap History (2 events):
Event: 1.134 GC heap before
{Heap before GC invocations=1 (full 0):
 PSYoungGen      total 38400K, used 33280K [0x00000000eab00000, 0x00000000ed580000, 0x0000000100000000)
  eden space 33280K, 100% used [0x00000000eab00000,0x00000000ecb80000,0x00000000ecb80000)
  from space 5120K, 0% used [0x00000000ed080000,0x00000000ed080000,0x00000000ed580000)
  to   space 5120K, 0% used [0x00000000ecb80000,0x00000000ecb80000,0x00000000ed080000)
 ParOldGen       total 87552K, used 0K [0x00000000c0000000, 0x00000000c5580000, 0x00000000eab00000)
  object space 87552K, 0% used [0x00000000c0000000,0x00000000c0000000,0x00000000c5580000)
 Metaspace       used 5925K, capacity 6898K, committed 7040K, reserved 1056768K
  class space    used 604K, capacity 618K, committed 640K, reserved 1048576K
Event: 1.224 GC heap after
Heap after GC invocations=1 (full 0):
 PSYoungGen      total 38400K, used 5088K [0x00000000eab00000, 0x00000000ef600000, 0x0000000100000000)
  eden space 33280K, 0% used [0x00000000eab00000,0x00000000eab00000,0x00000000ecb80000)
  from space 5120K, 99% used [0x00000000ecb80000,0x00000000ed078048,0x00000000ed080000)
  to   space 5120K, 0% used [0x00000000ef100000,0x00000000ef100000,0x00000000ef600000)
 ParOldGen       total 87552K, used 1354K [0x00000000c0000000, 0x00000000c5580000, 0x00000000eab00000)
  object space 87552K, 1% used [0x00000000c0000000,0x00000000c0152878,0x00000000c5580000)
 Metaspace       used 5925K, capacity 6898K, committed 7040K, reserved 1056768K
  class space    used 604K, capacity 618K, committed 640K, reserved 1048576K
}

Deoptimization events (10 events):
Event: 1.105 Thread 0x00000000170d8800 Uncommon trap: reason=bimorphic action=maybe_recompile pc=0x000000000256132c method=java.util.HashMap.getNode(ILjava/lang/Object;)Ljava/util/HashMap$Node; @ 126
Event: 1.105 Thread 0x00000000170d8800 Uncommon trap: reason=class_check action=maybe_recompile pc=0x0000000002673cc4 method=java.util.HashMap.putVal(ILjava/lang/Object;Ljava/lang/Object;ZZ)Ljava/lang/Object; @ 203
Event: 1.106 Thread 0x00000000171da800 Uncommon trap: reason=unstable_if action=reinterpret pc=0x00000000027008fc method=com.android.dx.util.IntList.binarysearch(I)I @ 105
Event: 1.120 Thread 0x00000000170c5800 Uncommon trap: reason=unstable_if action=reinterpret pc=0x000000000257d550 method=com.android.dx.rop.code.RegisterSpec.equals(ILcom/android/dx/rop/type/TypeBearer;Lcom/android/dx/rop/code/LocalItem;)Z @ 42
Event: 1.295 Thread 0x00000000170c5800 Uncommon trap: reason=bimorphic action=maybe_recompile pc=0x0000000002755cf0 method=com.android.dx.cf.code.BytecodeArray.parseInstruction(ILcom/android/dx/cf/code/BytecodeArray$Visitor;)I @ 971
Event: 1.295 Thread 0x00000000170c5800 Uncommon trap: reason=bimorphic action=maybe_recompile pc=0x0000000002755df0 method=com.android.dx.cf.code.BytecodeArray.parseInstruction(ILcom/android/dx/cf/code/BytecodeArray$Visitor;)I @ 1035
Event: 1.295 Thread 0x00000000170c5800 Uncommon trap: reason=bimorphic action=maybe_recompile pc=0x0000000002755b64 method=com.android.dx.cf.code.BytecodeArray.parseInstruction(ILcom/android/dx/cf/code/BytecodeArray$Visitor;)I @ 923
Event: 1.295 Thread 0x00000000170c5800 Uncommon trap: reason=bimorphic action=maybe_recompile pc=0x0000000002755e6c method=com.android.dx.cf.code.BytecodeArray.parseInstruction(ILcom/android/dx/cf/code/BytecodeArray$Visitor;)I @ 1051
Event: 1.295 Thread 0x00000000170c5800 Uncommon trap: reason=bimorphic action=maybe_recompile pc=0x0000000002755be8 method=com.android.dx.cf.code.BytecodeArray.parseInstruction(ILcom/android/dx/cf/code/BytecodeArray$Visitor;)I @ 939
Event: 1.295 Thread 0x00000000170c5800 Uncommon trap: reason=bimorphic action=maybe_recompile pc=0x0000000002755e6c method=com.android.dx.cf.code.BytecodeArray.parseInstruction(ILcom/android/dx/cf/code/BytecodeArray$Visitor;)I @ 1051

Internal exceptions (2 events):
Event: 0.064 Thread 0x00000000021f0800 Exception <a 'java/lang/NoSuchMethodError': Method sun.misc.Unsafe.defineClass(Ljava/lang/String;[BII)Ljava/lang/Class; name or signature does not match> (0x00000000eab13108) thrown at [D:\re\puppet\workspace\8-2-build-windows-amd64-cygwin\jdk8u73\6086\hotúÛ,ZÉ`°?
Event: 0.064 Thread 0x00000000021f0800 Exception <a 'java/lang/NoSuchMethodError': Method sun.misc.Unsafe.prefetchRead(Ljava/lang/Object;J)V name or signature does not match> (0x00000000eab133f0) thrown at [D:\re\puppet\workspace\8-2-build-windows-amd64-cygwin\jdk8u73\6086\hotspot\src\share\vm\

Events (10 events):
Event: 1.295 Thread 0x00000000170c5800 DEOPT UNPACKING pc=0x000000000233582a sp=0x0000000017bce828 mode 2
Event: 1.295 Thread 0x00000000170c5800 Uncommon trap: trap_request=0xffffffc6 fr.pc=0x0000000002755be8
Event: 1.295 Thread 0x00000000170c5800 DEOPT PACKING pc=0x0000000002755be8 sp=0x0000000017bce8b0
Event: 1.295 Thread 0x00000000170c5800 DEOPT UNPACKING pc=0x000000000233582a sp=0x0000000017bce828 mode 2
Event: 1.295 Thread 0x00000000170c5800 Uncommon trap: trap_request=0xffffffc6 fr.pc=0x0000000002755e6c
Event: 1.295 Thread 0x00000000170c5800 DEOPT PACKING pc=0x0000000002755e6c sp=0x0000000017bce8b0
Event: 1.295 Thread 0x00000000170c5800 DEOPT UNPACKING pc=0x000000000233582a sp=0x0000000017bce828 mode 2
Event: 1.298 Thread 0x00000000170d8800 Thread exited: 0x00000000170d8800
Event: 1.299 Thread 0x00000000171d0000 Thread exited: 0x00000000171d0000
Event: 1.314 Thread 0x00000000170c5800 Thread exited: 0x00000000170c5800


Dynamic libraries:
0x00007ff7bf1b0000 - 0x00007ff7bf1e7000 	C:\Program Files\Java\jdk1.8.0_73\bin\java.exe
0x00007ffe0d3c0000 - 0x00007ffe0d581000 	C:\WINDOWS\SYSTEM32\ntdll.dll
0x00007ffe0c610000 - 0x00007ffe0c6bd000 	C:\WINDOWS\system32\KERNEL32.DLL
0x00007ffe09dc0000 - 0x00007ffe09fa8000 	C:\WINDOWS\system32\KERNELBASE.dll
0x00007ffe0c6d0000 - 0x00007ffe0c777000 	C:\WINDOWS\system32\ADVAPI32.dll
0x00007ffe0c780000 - 0x00007ffe0c81d000 	C:\WINDOWS\system32\msvcrt.dll
0x00007ffe0a7c0000 - 0x00007ffe0a81b000 	C:\WINDOWS\system32\sechost.dll
0x00007ffe0c080000 - 0x00007ffe0c19c000 	C:\WINDOWS\system32\RPCRT4.dll
0x00007ffe0ca60000 - 0x00007ffe0cbb6000 	C:\WINDOWS\system32\USER32.dll
0x00007ffe0a8e0000 - 0x00007ffe0aa66000 	C:\WINDOWS\system32\GDI32.dll
0x00007ffdfb900000 - 0x00007ffdfbb74000 	C:\WINDOWS\WinSxS\amd64_microsoft.windows.common-controls_6595b64144ccf1df_6.0.10586.0_none_8c15ae12515e1c22\COMCTL32.dll
0x00007ffe0cf00000 - 0x00007ffe0d17d000 	C:\WINDOWS\system32\combase.dll
0x00007ffe09a70000 - 0x00007ffe09ada000 	C:\WINDOWS\system32\bcryptPrimitives.dll
0x00007ffe0c5d0000 - 0x00007ffe0c60b000 	C:\WINDOWS\system32\IMM32.DLL
0x00000000627f0000 - 0x00000000628c2000 	C:\Program Files\Java\jdk1.8.0_73\jre\bin\msvcr100.dll
0x00000000628d0000 - 0x0000000063160000 	C:\Program Files\Java\jdk1.8.0_73\jre\bin\server\jvm.dll
0x00007ffe0c6c0000 - 0x00007ffe0c6c8000 	C:\WINDOWS\system32\PSAPI.DLL
0x00007ffe03470000 - 0x00007ffe03479000 	C:\WINDOWS\SYSTEM32\WSOCK32.dll
0x00007ffe0c9f0000 - 0x00007ffe0ca5b000 	C:\WINDOWS\system32\WS2_32.dll
0x00007ffe08190000 - 0x00007ffe081b3000 	C:\WINDOWS\SYSTEM32\WINMM.dll
0x00007ffe02a50000 - 0x00007ffe02a5a000 	C:\WINDOWS\SYSTEM32\VERSION.dll
0x00007ffe080b0000 - 0x00007ffe080dc000 	C:\WINDOWS\SYSTEM32\WINMMBASE.dll
0x00007ffe09d70000 - 0x00007ffe09db3000 	C:\WINDOWS\system32\cfgmgr32.dll
0x00000000627e0000 - 0x00000000627ef000 	C:\Program Files\Java\jdk1.8.0_73\jre\bin\verify.dll
0x00000000627b0000 - 0x00000000627d9000 	C:\Program Files\Java\jdk1.8.0_73\jre\bin\java.dll
0x0000000062790000 - 0x00000000627a6000 	C:\Program Files\Java\jdk1.8.0_73\jre\bin\zip.dll
0x00007ffe0aa70000 - 0x00007ffe0bfcc000 	C:\WINDOWS\system32\SHELL32.dll
0x00007ffe09fb0000 - 0x00007ffe0a5f5000 	C:\WINDOWS\system32\windows.storage.dll
0x00007ffe0a820000 - 0x00007ffe0a872000 	C:\WINDOWS\system32\shlwapi.dll
0x00007ffe099e0000 - 0x00007ffe099ef000 	C:\WINDOWS\system32\kernel.appcore.dll
0x00007ffe09ae0000 - 0x00007ffe09b95000 	C:\WINDOWS\system32\shcore.dll
0x00007ffe099f0000 - 0x00007ffe09a3b000 	C:\WINDOWS\system32\powrprof.dll
0x00007ffe09a50000 - 0x00007ffe09a64000 	C:\WINDOWS\system32\profapi.dll

VM Arguments:
jvm_args: -Djava.awt.headless=true -Xmx1024M -Dfile.encoding=windows-1257 -Duser.country=US -Duser.language=en -Duser.variant 
java_command: com.android.dx.command.Main --dex --num-threads=4 --output C:\Users\AndroidStudio\Desktop\Kalkulaator_III\app\build\intermediates\pre-dexed\debug\com.android.support-support-vector-drawable-23.2.1_9a8817802713f620ee7878e291eb665af54e3770.jar C:\Users\AndroidStudio\Desktop\Kalkulaator_III\app\build\intermediates\exploded-aar\com.android.support\support-vector-drawable\23.2.1\jars\classes.jar
java_class_path (initial): C:\Users\AndroidStudio\AppData\Local\Android\sdk\build-tools\23.0.2\lib\dx.jar
Launcher Type: SUN_STANDARD

Environment Variables:
PATH=C:\ProgramData\Oracle\Java\javapath;C:\WINDOWS\system32;C:\WINDOWS;C:\WINDOWS\System32\Wbem;C:\WINDOWS\System32\WindowsPowerShell\v1.0\
USERNAME=AndroidStudio
OS=Windows_NT
PROCESSOR_IDENTIFIER=Intel64 Family 6 Model 45 Stepping 7, GenuineIntel



---------------  S Y S T E M  ---------------

OS: Windows 10.0 , 64 bit Build 10586 (10.0.10586.0)

CPU:total 8 (4 cores per cpu, 1 threads per core) family 6 model 45 stepping 7, cmov, cx8, fxsr, mmx, sse, sse2, sse3, ssse3, sse4.1, sse4.2, popcnt, avx, aes, clmul, tsc, tscinvbit, tscinv

Memory: 4k page, physical 8388148k(2114732k free), swap 8388148k(5140k free)

vm_info: Java HotSpot(TM) 64-Bit Server VM (25.73-b02) for windows-amd64 JRE (1.8.0_73-b02), built on Jan 29 2016 17:38:49 by "java_re" with MS VC++ 10.0 (VS2010)

time: Sun Apr 03 16:52:37 2016
elapsed time: 1 seconds (0d 0h 0m 1s)

