#
# There is insufficient memory for the Java Runtime Environment to continue.
# Native memory allocation (malloc) failed to allocate 262160 bytes for Chunk::new
# Possible reasons:
#   The system is out of physical RAM or swap space
#   In 32 bit mode, the process size limit was hit
# Possible solutions:
#   Reduce memory load on the system
#   Increase physical memory or swap space
#   Check if swap backing store is full
#   Use 64 bit Java on a 64 bit OS
#   Decrease Java heap size (-Xmx/-Xms)
#   Decrease number of Java threads
#   Decrease Java thread stack sizes (-Xss)
#   Set larger code cache with -XX:ReservedCodeCacheSize=
# This output file may be truncated or incomplete.
#
#  Out of Memory Error (allocation.cpp:390), pid=8012, tid=404
#
# JRE version: Java(TM) SE Runtime Environment (8.0_73-b02) (build 1.8.0_73-b02)
# Java VM: Java HotSpot(TM) 64-Bit Server VM (25.73-b02 mixed mode windows-amd64 compressed oops)
# Failed to write core dump. Minidumps are not enabled by default on client versions of Windows
#

---------------  T H R E A D  ---------------

Current thread (0x0000000016f8c800):  JavaThread "C2 CompilerThread1" daemon [_thread_in_native, id=404, stack(0x0000000017660000,0x0000000017760000)]

Stack: [0x0000000017660000,0x0000000017760000]
[error occurred during error reporting (printing stack bounds), id 0xc0000005]

Native frames: (J=compiled Java code, j=interpreted, Vv=VM code, C=native code)


Current CompileTask:
C2:   1447 1073   !   4       com.android.dx.cf.cst.ConstantPoolParser::parse0 (731 bytes)


---------------  P R O C E S S  ---------------

Java Threads: ( => current thread )
  0x0000000017286800 JavaThread "pool-1-thread-4" [_thread_blocked, id=2968, stack(0x0000000018760000,0x0000000018860000)]
  0x0000000017283800 JavaThread "pool-1-thread-3" [_thread_blocked, id=1792, stack(0x0000000018660000,0x0000000018760000)]
  0x0000000017283000 JavaThread "pool-1-thread-2" [_thread_in_Java, id=1712, stack(0x0000000018560000,0x0000000018660000)]
  0x0000000017233800 JavaThread "pool-2-thread-1" [_thread_blocked, id=7660, stack(0x0000000018460000,0x0000000018560000)]
  0x0000000017233000 JavaThread "pool-1-thread-1" [_thread_in_Java, id=7636, stack(0x0000000018360000,0x0000000018460000)]
  0x0000000017017000 JavaThread "Service Thread" daemon [_thread_blocked, id=6276, stack(0x0000000017960000,0x0000000017a60000)]
  0x0000000016f99800 JavaThread "C1 CompilerThread3" daemon [_thread_blocked, id=5800, stack(0x0000000017860000,0x0000000017960000)]
  0x0000000016f94800 JavaThread "C2 CompilerThread2" daemon [_thread_in_native, id=3912, stack(0x0000000017760000,0x0000000017860000)]
=>0x0000000016f8c800 JavaThread "C2 CompilerThread1" daemon [_thread_in_native, id=404, stack(0x0000000017660000,0x0000000017760000)]
  0x0000000016f87800 JavaThread "C2 CompilerThread0" daemon [_thread_in_native, id=8056, stack(0x0000000017560000,0x0000000017660000)]
  0x0000000016f86000 JavaThread "Attach Listener" daemon [_thread_blocked, id=5320, stack(0x0000000017460000,0x0000000017560000)]
  0x0000000016f85800 JavaThread "Signal Dispatcher" daemon [_thread_blocked, id=5196, stack(0x0000000017360000,0x0000000017460000)]
  0x0000000002353000 JavaThread "Finalizer" daemon [_thread_blocked, id=4556, stack(0x0000000016d80000,0x0000000016e80000)]
  0x0000000002352000 JavaThread "Reference Handler" daemon [_thread_blocked, id=7944, stack(0x0000000016c80000,0x0000000016d80000)]
  0x0000000002260800 JavaThread "main" [_thread_in_Java, id=5016, stack(0x00000000020f0000,0x00000000021f0000)]

Other Threads:
  0x0000000014e79000 VMThread [stack: 0x0000000016b80000,0x0000000016c80000] [id=7692]
  0x000000001701b800 WatcherThread [stack: 0x0000000017a60000,0x0000000017b60000] [id=6044]

VM state:not at safepoint (normal execution)

VM Mutex/Monitor currently owned by a thread: None

Heap:
 PSYoungGen      total 38400K, used 20732K [0x00000000eab00000, 0x00000000ed580000, 0x0000000100000000)
  eden space 33280K, 46% used [0x00000000eab00000,0x00000000eba45d58,0x00000000ecb80000)
  from space 5120K, 99% used [0x00000000ecb80000,0x00000000ed079620,0x00000000ed080000)
  to   space 5120K, 0% used [0x00000000ed080000,0x00000000ed080000,0x00000000ed580000)
 ParOldGen       total 87552K, used 1195K [0x00000000c0000000, 0x00000000c5580000, 0x00000000eab00000)
  object space 87552K, 1% used [0x00000000c0000000,0x00000000c012ade0,0x00000000c5580000)
 Metaspace       used 6024K, capacity 6896K, committed 7040K, reserved 1056768K
  class space    used 602K, capacity 616K, committed 640K, reserved 1048576K

Card table byte_map: [0x0000000011720000,0x0000000011930000] byte_map_base: 0x0000000011120000

Marking Bits: (ParMarkBitMap*) 0x00000000630e0600
 Begin Bits: [0x0000000012290000, 0x0000000013290000)
 End Bits:   [0x0000000013290000, 0x0000000014290000)

Polling page: 0x00000000020c0000

CodeCache: size=245760Kb used=4531Kb max_used=4543Kb free=241228Kb
 bounds [0x0000000002360000, 0x00000000027e0000, 0x0000000011360000]
 total_blobs=1459 nmethods=1190 adapters=182
 compilation: enabled

Compilation events (10 events):
Event: 1.439 Thread 0x0000000016f99800 1153       3       com.android.dx.rop.code.AccessFlags::isStatic (13 bytes)
Event: 1.439 Thread 0x0000000016f99800 nmethod 1153 0x00000000027c6010 code [0x00000000027c6160, 0x00000000027c62f0]
Event: 1.439 Thread 0x0000000016f99800 1136       3       com.android.dx.ssa.LocalVariableInfo::addAssignment (43 bytes)
Event: 1.440 Thread 0x0000000016f99800 nmethod 1136 0x00000000027ceb10 code [0x00000000027cece0, 0x00000000027cf2d8]
Event: 1.440 Thread 0x0000000016f99800 1137       3       java.lang.Float::isNaN (12 bytes)
Event: 1.440 Thread 0x0000000016f99800 nmethod 1137 0x00000000027cf550 code [0x00000000027cf6a0, 0x00000000027cf850]
Event: 1.440 Thread 0x0000000016f99800 1174       1       com.android.dx.dex.code.RopTranslator::access$100 (5 bytes)
Event: 1.440 Thread 0x0000000016f99800 nmethod 1174 0x00000000027cf8d0 code [0x00000000027cfa20, 0x00000000027cfb10]
Event: 1.440 Thread 0x0000000016f99800 1173       1       com.android.dx.ssa.back.FirstFitLocalCombiningAllocator$Multiset::getSize (5 bytes)
Event: 1.440 Thread 0x0000000016f99800 nmethod 1173 0x00000000027cfb90 code [0x00000000027cfce0, 0x00000000027cfdf0]

GC Heap History (2 events):
Event: 1.145 GC heap before
{Heap before GC invocations=1 (full 0):
 PSYoungGen      total 38400K, used 33280K [0x00000000eab00000, 0x00000000ed580000, 0x0000000100000000)
  eden space 33280K, 100% used [0x00000000eab00000,0x00000000ecb80000,0x00000000ecb80000)
  from space 5120K, 0% used [0x00000000ed080000,0x00000000ed080000,0x00000000ed580000)
  to   space 5120K, 0% used [0x00000000ecb80000,0x00000000ecb80000,0x00000000ed080000)
 ParOldGen       total 87552K, used 0K [0x00000000c0000000, 0x00000000c5580000, 0x00000000eab00000)
  object space 87552K, 0% used [0x00000000c0000000,0x00000000c0000000,0x00000000c5580000)
 Metaspace       used 5928K, capacity 6832K, committed 7040K, reserved 1056768K
  class space    used 602K, capacity 616K, committed 640K, reserved 1048576K
Event: 1.236 GC heap after
Heap after GC invocations=1 (full 0):
 PSYoungGen      total 38400K, used 5093K [0x00000000eab00000, 0x00000000ed580000, 0x0000000100000000)
  eden space 33280K, 0% used [0x00000000eab00000,0x00000000eab00000,0x00000000ecb80000)
  from space 5120K, 99% used [0x00000000ecb80000,0x00000000ed079620,0x00000000ed080000)
  to   space 5120K, 0% used [0x00000000ed080000,0x00000000ed080000,0x00000000ed580000)
 ParOldGen       total 87552K, used 1195K [0x00000000c0000000, 0x00000000c5580000, 0x00000000eab00000)
  object space 87552K, 1% used [0x00000000c0000000,0x00000000c012ade0,0x00000000c5580000)
 Metaspace       used 5928K, capacity 6832K, committed 7040K, reserved 1056768K
  class space    used 602K, capacity 616K, committed 640K, reserved 1048576K
}

Deoptimization events (4 events):
Event: 0.207 Thread 0x0000000002260800 Uncommon trap: reason=unstable_if action=reinterpret pc=0x00000000024a4514 method=java.lang.String.compareTo(Ljava/lang/String;)I @ 38
Event: 0.669 Thread 0x0000000017283000 Uncommon trap: reason=unstable_if action=reinterpret pc=0x000000000256cfb0 method=java.util.BitSet.nextSetBit(I)I @ 87
Event: 0.967 Thread 0x0000000017286800 Uncommon trap: reason=unstable_if action=reinterpret pc=0x00000000026659ac method=com.android.dx.rop.code.RegisterSpecSet.put(Lcom/android/dx/rop/code/RegisterSpec;)V @ 77
Event: 1.091 Thread 0x0000000017233000 Uncommon trap: reason=unstable_if action=reinterpret pc=0x000000000263d4a0 method=com.android.dx.rop.code.RegisterSpec.equals(ILcom/android/dx/rop/type/TypeBearer;Lcom/android/dx/rop/code/LocalItem;)Z @ 42

Internal exceptions (2 events):
Event: 0.048 Thread 0x0000000002260800 Exception <a 'java/lang/NoSuchMethodError': Method sun.misc.Unsafe.defineClass(Ljava/lang/String;[BII)Ljava/lang/Class; name or signature does not match> (0x00000000eab13108) thrown at [D:\re\puppet\workspace\8-2-build-windows-amd64-cygwin\jdk8u73\6086\hot®¼TÝú’¨?
Event: 0.048 Thread 0x0000000002260800 Exception <a 'java/lang/NoSuchMethodError': Method sun.misc.Unsafe.prefetchRead(Ljava/lang/Object;J)V name or signature does not match> (0x00000000eab133f0) thrown at [D:\re\puppet\workspace\8-2-build-windows-amd64-cygwin\jdk8u73\6086\hotspot\src\share\vm\`

Events (10 events):
Event: 0.968 loading class java/util/DualPivotQuicksort done
Event: 1.091 Thread 0x0000000017233000 Uncommon trap: trap_request=0xffffff65 fr.pc=0x000000000263d4a0
Event: 1.091 Thread 0x0000000017233000 DEOPT PACKING pc=0x000000000263d4a0 sp=0x000000001845e870
Event: 1.091 Thread 0x0000000017233000 DEOPT UNPACKING pc=0x00000000023a582a sp=0x000000001845e7f8 mode 2
Event: 1.099 Executing VM operation: ParallelGCFailedAllocation
Event: 1.236 Executing VM operation: ParallelGCFailedAllocation done
Event: 1.402 Thread 0x0000000017286800 DEOPT PACKING pc=0x0000000002679675 sp=0x000000001885e5c0
Event: 1.402 Thread 0x0000000017286800 DEOPT UNPACKING pc=0x00000000023a787f sp=0x000000001885e338 mode 0
Event: 1.405 Thread 0x0000000017286800 DEOPT PACKING pc=0x0000000002679675 sp=0x000000001885e5c0
Event: 1.405 Thread 0x0000000017286800 DEOPT UNPACKING pc=0x00000000023a787f sp=0x000000001885e338 mode 0


Dynamic libraries:
0x00007ff7bf1b0000 - 0x00007ff7bf1e7000 	C:\Program Files\Java\jdk1.8.0_73\bin\java.exe
0x00007ffe0d3c0000 - 0x00007ffe0d581000 	C:\WINDOWS\SYSTEM32\ntdll.dll
0x00007ffe0c610000 - 0x00007ffe0c6bd000 	C:\WINDOWS\system32\KERNEL32.DLL
0x00007ffe09dc0000 - 0x00007ffe09fa8000 	C:\WINDOWS\system32\KERNELBASE.dll
0x00007ffe0c6d0000 - 0x00007ffe0c777000 	C:\WINDOWS\system32\ADVAPI32.dll
0x00007ffe0c780000 - 0x00007ffe0c81d000 	C:\WINDOWS\system32\msvcrt.dll
0x00007ffe0a7c0000 - 0x00007ffe0a81b000 	C:\WINDOWS\system32\sechost.dll
0x00007ffe0c080000 - 0x00007ffe0c19c000 	C:\WINDOWS\system32\RPCRT4.dll
0x00007ffe0ca60000 - 0x00007ffe0cbb6000 	C:\WINDOWS\system32\USER32.dll
0x00007ffe0a8e0000 - 0x00007ffe0aa66000 	C:\WINDOWS\system32\GDI32.dll
0x00007ffdfb900000 - 0x00007ffdfbb74000 	C:\WINDOWS\WinSxS\amd64_microsoft.windows.common-controls_6595b64144ccf1df_6.0.10586.0_none_8c15ae12515e1c22\COMCTL32.dll
0x00007ffe0cf00000 - 0x00007ffe0d17d000 	C:\WINDOWS\system32\combase.dll
0x00007ffe09a70000 - 0x00007ffe09ada000 	C:\WINDOWS\system32\bcryptPrimitives.dll
0x00007ffe0c5d0000 - 0x00007ffe0c60b000 	C:\WINDOWS\system32\IMM32.DLL
0x00000000627f0000 - 0x00000000628c2000 	C:\Program Files\Java\jdk1.8.0_73\jre\bin\msvcr100.dll
0x00000000628d0000 - 0x0000000063160000 	C:\Program Files\Java\jdk1.8.0_73\jre\bin\server\jvm.dll
0x00007ffe0c6c0000 - 0x00007ffe0c6c8000 	C:\WINDOWS\system32\PSAPI.DLL
0x00007ffe03470000 - 0x00007ffe03479000 	C:\WINDOWS\SYSTEM32\WSOCK32.dll
0x00007ffe0c9f0000 - 0x00007ffe0ca5b000 	C:\WINDOWS\system32\WS2_32.dll
0x00007ffe08190000 - 0x00007ffe081b3000 	C:\WINDOWS\SYSTEM32\WINMM.dll
0x00007ffe02a50000 - 0x00007ffe02a5a000 	C:\WINDOWS\SYSTEM32\VERSION.dll
0x00007ffe080b0000 - 0x00007ffe080dc000 	C:\WINDOWS\SYSTEM32\WINMMBASE.dll
0x00007ffe09d70000 - 0x00007ffe09db3000 	C:\WINDOWS\system32\cfgmgr32.dll
0x00000000627e0000 - 0x00000000627ef000 	C:\Program Files\Java\jdk1.8.0_73\jre\bin\verify.dll
0x00000000627b0000 - 0x00000000627d9000 	C:\Program Files\Java\jdk1.8.0_73\jre\bin\java.dll
0x0000000062790000 - 0x00000000627a6000 	C:\Program Files\Java\jdk1.8.0_73\jre\bin\zip.dll
0x00007ffe0aa70000 - 0x00007ffe0bfcc000 	C:\WINDOWS\system32\SHELL32.dll
0x00007ffe09fb0000 - 0x00007ffe0a5f5000 	C:\WINDOWS\system32\windows.storage.dll
0x00007ffe0a820000 - 0x00007ffe0a872000 	C:\WINDOWS\system32\shlwapi.dll
0x00007ffe099e0000 - 0x00007ffe099ef000 	C:\WINDOWS\system32\kernel.appcore.dll
0x00007ffe09ae0000 - 0x00007ffe09b95000 	C:\WINDOWS\system32\shcore.dll
0x00007ffe099f0000 - 0x00007ffe09a3b000 	C:\WINDOWS\system32\powrprof.dll
0x00007ffe09a50000 - 0x00007ffe09a64000 	C:\WINDOWS\system32\profapi.dll

VM Arguments:
jvm_args: -Djava.awt.headless=true -Xmx1024M -Dfile.encoding=windows-1257 -Duser.country=US -Duser.language=en -Duser.variant 
java_command: com.android.dx.command.Main --dex --num-threads=4 --output C:\Users\AndroidStudio\Desktop\Kalkulaator_III\app\build\intermediates\pre-dexed\debug\com.android.support-appcompat-v7-23.2.1_d7022eebaa6e99b039388fe7219f56f494e1419e.jar C:\Users\AndroidStudio\Desktop\Kalkulaator_III\app\build\intermediates\exploded-aar\com.android.support\appcompat-v7\23.2.1\jars\classes.jar
java_class_path (initial): C:\Users\AndroidStudio\AppData\Local\Android\sdk\build-tools\23.0.2\lib\dx.jar
Launcher Type: SUN_STANDARD

Environment Variables:
PATH=C:\ProgramData\Oracle\Java\javapath;C:\WINDOWS\system32;C:\WINDOWS;C:\WINDOWS\System32\Wbem;C:\WINDOWS\System32\WindowsPowerShell\v1.0\
USERNAME=AndroidStudio
OS=Windows_NT
PROCESSOR_IDENTIFIER=Intel64 Family 6 Model 45 Stepping 7, GenuineIntel



---------------  S Y S T E M  ---------------

OS: Windows 10.0 , 64 bit Build 10586 (10.0.10586.0)

CPU:total 8 (4 cores per cpu, 1 threads per core) family 6 model 45 stepping 7, cmov, cx8, fxsr, mmx, sse, sse2, sse3, ssse3, sse4.1, sse4.2, popcnt, avx, aes, clmul, tsc, tscinvbit, tscinv

Memory: 4k page, physical 8388148k(2114732k free), swap 8388148k(5140k free)

vm_info: Java HotSpot(TM) 64-Bit Server VM (25.73-b02) for windows-amd64 JRE (1.8.0_73-b02), built on Jan 29 2016 17:38:49 by "java_re" with MS VC++ 10.0 (VS2010)

time: Sun Apr 03 16:52:37 2016
elapsed time: 1 seconds (0d 0h 0m 1s)

