#
# There is insufficient memory for the Java Runtime Environment to continue.
# Native memory allocation (malloc) failed to allocate 806096 bytes for Chunk::new
# Possible reasons:
#   The system is out of physical RAM or swap space
#   In 32 bit mode, the process size limit was hit
# Possible solutions:
#   Reduce memory load on the system
#   Increase physical memory or swap space
#   Check if swap backing store is full
#   Use 64 bit Java on a 64 bit OS
#   Decrease Java heap size (-Xmx/-Xms)
#   Decrease number of Java threads
#   Decrease Java thread stack sizes (-Xss)
#   Set larger code cache with -XX:ReservedCodeCacheSize=
# This output file may be truncated or incomplete.
#
#  Out of Memory Error (allocation.cpp:390), pid=4656, tid=5460
#
# JRE version: Java(TM) SE Runtime Environment (8.0_73-b02) (build 1.8.0_73-b02)
# Java VM: Java HotSpot(TM) 64-Bit Server VM (25.73-b02 mixed mode windows-amd64 compressed oops)
# Failed to write core dump. Minidumps are not enabled by default on client versions of Windows
#

---------------  T H R E A D  ---------------

Current thread (0x0000000017034000):  JavaThread "C2 CompilerThread2" daemon [_thread_in_native, id=5460, stack(0x0000000017800000,0x0000000017900000)]

Stack: [0x0000000017800000,0x0000000017900000]
[error occurred during error reporting (printing stack bounds), id 0xc0000005]

Native frames: (J=compiled Java code, j=interpreted, Vv=VM code, C=native code)


Current CompileTask:
C2:   1317 1260       4       com.android.dx.ssa.SCCP::simulateBranch (666 bytes)


---------------  P R O C E S S  ---------------

Java Threads: ( => current thread )
  0x00000000172fc800 JavaThread "pool-1-thread-4" [_thread_in_Java, id=5496, stack(0x0000000018800000,0x0000000018900000)]
  0x00000000172f8000 JavaThread "pool-1-thread-3" [_thread_in_Java, id=4864, stack(0x0000000018700000,0x0000000018800000)]
  0x00000000172f9800 JavaThread "pool-1-thread-2" [_thread_blocked, id=1004, stack(0x0000000018600000,0x0000000018700000)]
  0x00000000172f2800 JavaThread "pool-2-thread-1" [_thread_blocked, id=3616, stack(0x0000000018500000,0x0000000018600000)]
  0x00000000173de000 JavaThread "pool-1-thread-1" [_thread_blocked, id=6480, stack(0x0000000018400000,0x0000000018500000)]
  0x0000000017082000 JavaThread "Service Thread" daemon [_thread_blocked, id=8144, stack(0x0000000017a00000,0x0000000017b00000)]
  0x0000000017040000 JavaThread "C1 CompilerThread3" daemon [_thread_in_vm, id=5484, stack(0x0000000017900000,0x0000000017a00000)]
=>0x0000000017034000 JavaThread "C2 CompilerThread2" daemon [_thread_in_native, id=5460, stack(0x0000000017800000,0x0000000017900000)]
  0x0000000017030000 JavaThread "C2 CompilerThread1" daemon [_thread_in_native, id=5980, stack(0x0000000017700000,0x0000000017800000)]
  0x000000001702b800 JavaThread "C2 CompilerThread0" daemon [_thread_in_native, id=6344, stack(0x0000000017600000,0x0000000017700000)]
  0x0000000017026000 JavaThread "Attach Listener" daemon [_thread_blocked, id=2444, stack(0x0000000017500000,0x0000000017600000)]
  0x0000000017025800 JavaThread "Signal Dispatcher" daemon [_thread_blocked, id=4924, stack(0x0000000017400000,0x0000000017500000)]
  0x0000000002419000 JavaThread "Finalizer" daemon [_thread_blocked, id=6248, stack(0x0000000016e20000,0x0000000016f20000)]
  0x0000000014f3d800 JavaThread "Reference Handler" daemon [_thread_blocked, id=5928, stack(0x0000000016d20000,0x0000000016e20000)]
  0x0000000002320800 JavaThread "main" [_thread_blocked, id=1524, stack(0x0000000002220000,0x0000000002320000)]

Other Threads:
  0x0000000014f39000 VMThread [stack: 0x0000000016c20000,0x0000000016d20000] [id=5560]
  0x00000000170e7000 WatcherThread [stack: 0x0000000017b00000,0x0000000017c00000] [id=6424]

VM state:not at safepoint (normal execution)

VM Mutex/Monitor currently owned by a thread: None

Heap:
 PSYoungGen      total 38400K, used 16792K [0x00000000eab00000, 0x00000000ef600000, 0x0000000100000000)
  eden space 33280K, 35% used [0x00000000eab00000,0x00000000eb66c440,0x00000000ecb80000)
  from space 5120K, 99% used [0x00000000ecb80000,0x00000000ed079c68,0x00000000ed080000)
  to   space 5120K, 0% used [0x00000000ef100000,0x00000000ef100000,0x00000000ef600000)
 ParOldGen       total 87552K, used 1072K [0x00000000c0000000, 0x00000000c5580000, 0x00000000eab00000)
  object space 87552K, 1% used [0x00000000c0000000,0x00000000c010c190,0x00000000c5580000)
 Metaspace       used 6042K, capacity 6960K, committed 7040K, reserved 1056768K
  class space    used 602K, capacity 616K, committed 640K, reserved 1048576K

Card table byte_map: [0x00000000117e0000,0x00000000119f0000] byte_map_base: 0x00000000111e0000

Marking Bits: (ParMarkBitMap*) 0x00000000630e0600
 Begin Bits: [0x0000000012350000, 0x0000000013350000)
 End Bits:   [0x0000000013350000, 0x0000000014350000)

Polling page: 0x00000000008c0000

CodeCache: size=245760Kb used=5186Kb max_used=5186Kb free=240573Kb
 bounds [0x0000000002420000, 0x0000000002940000, 0x0000000011420000]
 total_blobs=1556 nmethods=1287 adapters=182
 compilation: enabled

Compilation events (10 events):
Event: 1.315 Thread 0x0000000017040000 nmethod 1286 0x000000000292d2d0 code [0x000000000292d420, 0x000000000292d570]
Event: 1.315 Thread 0x0000000017040000 1289       3       com.android.dx.rop.code.RegisterSpecList::getType (12 bytes)
Event: 1.315 Thread 0x0000000017040000 nmethod 1289 0x000000000292d610 code [0x000000000292d7a0, 0x000000000292ddf8]
Event: 1.315 Thread 0x0000000017040000 1293       3       com.android.dx.rop.cst.CstNat::getFieldType (11 bytes)
Event: 1.316 Thread 0x0000000017040000 nmethod 1293 0x000000000292dfd0 code [0x000000000292e140, 0x000000000292e368]
Event: 1.316 Thread 0x0000000017040000 1291       3       com.android.dx.rop.cst.CstFieldRef::getType (8 bytes)
Event: 1.316 Thread 0x0000000017040000 nmethod 1291 0x000000000292e410 code [0x000000000292e580, 0x000000000292e928]
Event: 1.316 Thread 0x0000000017040000 1296       1       com.android.dx.cf.code.OneLocalsArray::getOrNull (7 bytes)
Event: 1.316 Thread 0x0000000017040000 nmethod 1296 0x000000000292ea50 code [0x000000000292eba0, 0x000000000292ecd0]
Event: 1.316 Thread 0x0000000017040000 1294       3       com.android.dx.rop.type.Prototype::getParameterFrameTypes (96 bytes)

GC Heap History (2 events):
Event: 0.968 GC heap before
{Heap before GC invocations=1 (full 0):
 PSYoungGen      total 38400K, used 33280K [0x00000000eab00000, 0x00000000ed580000, 0x0000000100000000)
  eden space 33280K, 100% used [0x00000000eab00000,0x00000000ecb80000,0x00000000ecb80000)
  from space 5120K, 0% used [0x00000000ed080000,0x00000000ed080000,0x00000000ed580000)
  to   space 5120K, 0% used [0x00000000ecb80000,0x00000000ecb80000,0x00000000ed080000)
 ParOldGen       total 87552K, used 0K [0x00000000c0000000, 0x00000000c5580000, 0x00000000eab00000)
  object space 87552K, 0% used [0x00000000c0000000,0x00000000c0000000,0x00000000c5580000)
 Metaspace       used 5918K, capacity 6832K, committed 7040K, reserved 1056768K
  class space    used 602K, capacity 616K, committed 640K, reserved 1048576K
Event: 1.020 GC heap after
Heap after GC invocations=1 (full 0):
 PSYoungGen      total 38400K, used 5095K [0x00000000eab00000, 0x00000000ef600000, 0x0000000100000000)
  eden space 33280K, 0% used [0x00000000eab00000,0x00000000eab00000,0x00000000ecb80000)
  from space 5120K, 99% used [0x00000000ecb80000,0x00000000ed079c68,0x00000000ed080000)
  to   space 5120K, 0% used [0x00000000ef100000,0x00000000ef100000,0x00000000ef600000)
 ParOldGen       total 87552K, used 1072K [0x00000000c0000000, 0x00000000c5580000, 0x00000000eab00000)
  object space 87552K, 1% used [0x00000000c0000000,0x00000000c010c190,0x00000000c5580000)
 Metaspace       used 5918K, capacity 6832K, committed 7040K, reserved 1056768K
  class space    used 602K, capacity 616K, committed 640K, reserved 1048576K
}

Deoptimization events (7 events):
Event: 0.212 Thread 0x0000000002320800 Uncommon trap: reason=unstable_if action=reinterpret pc=0x000000000256ded4 method=java.lang.String.compareTo(Ljava/lang/String;)I @ 38
Event: 0.510 Thread 0x00000000172fc800 Uncommon trap: reason=unstable_if action=reinterpret pc=0x000000000263a87c method=java.util.HashMap.getNode(ILjava/lang/Object;)Ljava/util/HashMap$Node; @ 62
Event: 0.517 Thread 0x00000000172fc800 Uncommon trap: reason=bimorphic action=maybe_recompile pc=0x000000000264c1a4 method=java.util.HashMap.getNode(ILjava/lang/Object;)Ljava/util/HashMap$Node; @ 126
Event: 0.571 Thread 0x00000000172f9800 Uncommon trap: reason=unstable_if action=reinterpret pc=0x000000000268cbf4 method=java.util.BitSet.ensureCapacity(I)V @ 6
Event: 0.579 Thread 0x00000000172f9800 Uncommon trap: reason=unstable_if action=reinterpret pc=0x0000000002648ff0 method=java.util.BitSet.nextSetBit(I)I @ 87
Event: 0.908 Thread 0x00000000173de000 Uncommon trap: reason=unstable_if action=reinterpret pc=0x00000000026f8820 method=com.android.dx.rop.code.RegisterSpec.equals(ILcom/android/dx/rop/type/TypeBearer;Lcom/android/dx/rop/code/LocalItem;)Z @ 42
Event: 1.038 Thread 0x00000000173de000 Uncommon trap: reason=unstable_if action=reinterpret pc=0x000000000264c168 method=java.util.HashMap.getNode(ILjava/lang/Object;)Ljava/util/HashMap$Node; @ 62

Internal exceptions (2 events):
Event: 0.039 Thread 0x0000000002320800 Exception <a 'java/lang/NoSuchMethodError': Method sun.misc.Unsafe.defineClass(Ljava/lang/String;[BII)Ljava/lang/Class; name or signature does not match> (0x00000000eab13108) thrown at [D:\re\puppet\workspace\8-2-build-windows-amd64-cygwin\jdk8u73\6086\hot˜é+°¤?
Event: 0.039 Thread 0x0000000002320800 Exception <a 'java/lang/NoSuchMethodError': Method sun.misc.Unsafe.prefetchRead(Ljava/lang/Object;J)V name or signature does not match> (0x00000000eab133f0) thrown at [D:\re\puppet\workspace\8-2-build-windows-amd64-cygwin\jdk8u73\6086\hotspot\src\share\vm\`

Events (10 events):
Event: 0.893 loading class java/util/DualPivotQuicksort
Event: 0.893 loading class java/util/DualPivotQuicksort done
Event: 0.908 Thread 0x00000000173de000 Uncommon trap: trap_request=0xffffff65 fr.pc=0x00000000026f8820
Event: 0.908 Thread 0x00000000173de000 DEOPT PACKING pc=0x00000000026f8820 sp=0x00000000184fe8c0
Event: 0.908 Thread 0x00000000173de000 DEOPT UNPACKING pc=0x000000000246582a sp=0x00000000184fe848 mode 2
Event: 0.968 Executing VM operation: ParallelGCFailedAllocation
Event: 1.020 Executing VM operation: ParallelGCFailedAllocation done
Event: 1.038 Thread 0x00000000173de000 Uncommon trap: trap_request=0xffffff65 fr.pc=0x000000000264c168
Event: 1.038 Thread 0x00000000173de000 DEOPT PACKING pc=0x000000000264c168 sp=0x00000000184fe970
Event: 1.038 Thread 0x00000000173de000 DEOPT UNPACKING pc=0x000000000246582a sp=0x00000000184fe890 mode 2


Dynamic libraries:
0x00007ff7bf1b0000 - 0x00007ff7bf1e7000 	C:\Program Files\Java\jdk1.8.0_73\bin\java.exe
0x00007ffe0d3c0000 - 0x00007ffe0d581000 	C:\WINDOWS\SYSTEM32\ntdll.dll
0x00007ffe0c610000 - 0x00007ffe0c6bd000 	C:\WINDOWS\system32\KERNEL32.DLL
0x00007ffe09dc0000 - 0x00007ffe09fa8000 	C:\WINDOWS\system32\KERNELBASE.dll
0x00007ffe0c6d0000 - 0x00007ffe0c777000 	C:\WINDOWS\system32\ADVAPI32.dll
0x00007ffe0c780000 - 0x00007ffe0c81d000 	C:\WINDOWS\system32\msvcrt.dll
0x00007ffe0a7c0000 - 0x00007ffe0a81b000 	C:\WINDOWS\system32\sechost.dll
0x00007ffe0c080000 - 0x00007ffe0c19c000 	C:\WINDOWS\system32\RPCRT4.dll
0x00007ffe0ca60000 - 0x00007ffe0cbb6000 	C:\WINDOWS\system32\USER32.dll
0x00007ffe0a8e0000 - 0x00007ffe0aa66000 	C:\WINDOWS\system32\GDI32.dll
0x00007ffdfb900000 - 0x00007ffdfbb74000 	C:\WINDOWS\WinSxS\amd64_microsoft.windows.common-controls_6595b64144ccf1df_6.0.10586.0_none_8c15ae12515e1c22\COMCTL32.dll
0x00007ffe0cf00000 - 0x00007ffe0d17d000 	C:\WINDOWS\system32\combase.dll
0x00007ffe09a70000 - 0x00007ffe09ada000 	C:\WINDOWS\system32\bcryptPrimitives.dll
0x00007ffe0c5d0000 - 0x00007ffe0c60b000 	C:\WINDOWS\system32\IMM32.DLL
0x00000000627f0000 - 0x00000000628c2000 	C:\Program Files\Java\jdk1.8.0_73\jre\bin\msvcr100.dll
0x00000000628d0000 - 0x0000000063160000 	C:\Program Files\Java\jdk1.8.0_73\jre\bin\server\jvm.dll
0x00007ffe0c6c0000 - 0x00007ffe0c6c8000 	C:\WINDOWS\system32\PSAPI.DLL
0x00007ffe03470000 - 0x00007ffe03479000 	C:\WINDOWS\SYSTEM32\WSOCK32.dll
0x00007ffe0c9f0000 - 0x00007ffe0ca5b000 	C:\WINDOWS\system32\WS2_32.dll
0x00007ffe08190000 - 0x00007ffe081b3000 	C:\WINDOWS\SYSTEM32\WINMM.dll
0x00007ffe02a50000 - 0x00007ffe02a5a000 	C:\WINDOWS\SYSTEM32\VERSION.dll
0x0000000000850000 - 0x000000000087c000 	C:\WINDOWS\SYSTEM32\WINMMBASE.dll
0x00007ffe09d70000 - 0x00007ffe09db3000 	C:\WINDOWS\system32\cfgmgr32.dll
0x00000000627e0000 - 0x00000000627ef000 	C:\Program Files\Java\jdk1.8.0_73\jre\bin\verify.dll
0x00000000627b0000 - 0x00000000627d9000 	C:\Program Files\Java\jdk1.8.0_73\jre\bin\java.dll
0x0000000062790000 - 0x00000000627a6000 	C:\Program Files\Java\jdk1.8.0_73\jre\bin\zip.dll
0x00007ffe0aa70000 - 0x00007ffe0bfcc000 	C:\WINDOWS\system32\SHELL32.dll
0x00007ffe09fb0000 - 0x00007ffe0a5f5000 	C:\WINDOWS\system32\windows.storage.dll
0x00007ffe0a820000 - 0x00007ffe0a872000 	C:\WINDOWS\system32\shlwapi.dll
0x00007ffe099e0000 - 0x00007ffe099ef000 	C:\WINDOWS\system32\kernel.appcore.dll
0x00007ffe09ae0000 - 0x00007ffe09b95000 	C:\WINDOWS\system32\shcore.dll
0x00007ffe099f0000 - 0x00007ffe09a3b000 	C:\WINDOWS\system32\powrprof.dll
0x00007ffe09a50000 - 0x00007ffe09a64000 	C:\WINDOWS\system32\profapi.dll

VM Arguments:
jvm_args: -Djava.awt.headless=true -Xmx1024M -Dfile.encoding=windows-1257 -Duser.country=US -Duser.language=en -Duser.variant 
java_command: com.android.dx.command.Main --dex --num-threads=4 --output C:\Users\AndroidStudio\Desktop\Kalkulaator_III\app\build\intermediates\pre-dexed\debug\com.android.support-appcompat-v7-23.2.1_d7022eebaa6e99b039388fe7219f56f494e1419e.jar C:\Users\AndroidStudio\Desktop\Kalkulaator_III\app\build\intermediates\exploded-aar\com.android.support\appcompat-v7\23.2.1\jars\classes.jar
java_class_path (initial): C:\Users\AndroidStudio\AppData\Local\Android\sdk\build-tools\23.0.2\lib\dx.jar
Launcher Type: SUN_STANDARD

Environment Variables:
PATH=C:\ProgramData\Oracle\Java\javapath;C:\WINDOWS\system32;C:\WINDOWS;C:\WINDOWS\System32\Wbem;C:\WINDOWS\System32\WindowsPowerShell\v1.0\
USERNAME=AndroidStudio
OS=Windows_NT
PROCESSOR_IDENTIFIER=Intel64 Family 6 Model 45 Stepping 7, GenuineIntel



---------------  S Y S T E M  ---------------

OS: Windows 10.0 , 64 bit Build 10586 (10.0.10586.0)

CPU:total 8 (4 cores per cpu, 1 threads per core) family 6 model 45 stepping 7, cmov, cx8, fxsr, mmx, sse, sse2, sse3, ssse3, sse4.1, sse4.2, popcnt, avx, aes, clmul, tsc, tscinvbit, tscinv

Memory: 4k page, physical 8388148k(2108444k free), swap 8388148k(5196k free)

vm_info: Java HotSpot(TM) 64-Bit Server VM (25.73-b02) for windows-amd64 JRE (1.8.0_73-b02), built on Jan 29 2016 17:38:49 by "java_re" with MS VC++ 10.0 (VS2010)

time: Sun Apr 03 16:53:19 2016
elapsed time: 1 seconds (0d 0h 0m 1s)

