#
# There is insufficient memory for the Java Runtime Environment to continue.
# Native memory allocation (malloc) failed to allocate 841216 bytes for Chunk::new
# Possible reasons:
#   The system is out of physical RAM or swap space
#   In 32 bit mode, the process size limit was hit
# Possible solutions:
#   Reduce memory load on the system
#   Increase physical memory or swap space
#   Check if swap backing store is full
#   Use 64 bit Java on a 64 bit OS
#   Decrease Java heap size (-Xmx/-Xms)
#   Decrease number of Java threads
#   Decrease Java thread stack sizes (-Xss)
#   Set larger code cache with -XX:ReservedCodeCacheSize=
# This output file may be truncated or incomplete.
#
#  Out of Memory Error (allocation.cpp:390), pid=2880, tid=8000
#
# JRE version: Java(TM) SE Runtime Environment (8.0_73-b02) (build 1.8.0_73-b02)
# Java VM: Java HotSpot(TM) 64-Bit Server VM (25.73-b02 mixed mode windows-amd64 compressed oops)
# Failed to write core dump. Minidumps are not enabled by default on client versions of Windows
#

---------------  T H R E A D  ---------------

Current thread (0x000000001704e000):  JavaThread "C2 CompilerThread1" daemon [_thread_in_native, id=8000, stack(0x0000000017720000,0x0000000017820000)]

Stack: [0x0000000017720000,0x0000000017820000]
[error occurred during error reporting (printing stack bounds), id 0xc0000005]

Native frames: (J=compiled Java code, j=interpreted, Vv=VM code, C=native code)


Current CompileTask:
C2:   1386 1810       4       com.android.dx.ssa.SCCP::simulatePhi (169 bytes)


---------------  P R O C E S S  ---------------

Java Threads: ( => current thread )
  0x00000000173ad800 JavaThread "pool-1-thread-4" [_thread_in_Java, id=1644, stack(0x0000000018820000,0x0000000018920000)]
  0x0000000017c43000 JavaThread "pool-1-thread-3" [_thread_in_vm, id=3704, stack(0x0000000018720000,0x0000000018820000)]
  0x0000000017c42000 JavaThread "pool-1-thread-2" [_thread_in_Java, id=944, stack(0x0000000018620000,0x0000000018720000)]
  0x0000000017c8d800 JavaThread "pool-2-thread-1" [_thread_blocked, id=4476, stack(0x0000000018520000,0x0000000018620000)]
  0x000000001741d000 JavaThread "pool-1-thread-1" [_thread_in_Java, id=1492, stack(0x0000000018420000,0x0000000018520000)]
  0x0000000017071000 JavaThread "Service Thread" daemon [_thread_blocked, id=6948, stack(0x0000000017a20000,0x0000000017b20000)]
  0x000000001705b800 JavaThread "C1 CompilerThread3" daemon [_thread_in_native, id=4316, stack(0x0000000017920000,0x0000000017a20000)]
  0x0000000017052000 JavaThread "C2 CompilerThread2" daemon [_thread_in_native, id=156, stack(0x0000000017820000,0x0000000017920000)]
=>0x000000001704e000 JavaThread "C2 CompilerThread1" daemon [_thread_in_native, id=8000, stack(0x0000000017720000,0x0000000017820000)]
  0x0000000017049800 JavaThread "C2 CompilerThread0" daemon [_thread_in_native, id=4692, stack(0x0000000017620000,0x0000000017720000)]
  0x0000000017048000 JavaThread "Attach Listener" daemon [_thread_blocked, id=7248, stack(0x0000000017520000,0x0000000017620000)]
  0x0000000017047800 JavaThread "Signal Dispatcher" daemon [_thread_blocked, id=384, stack(0x0000000017420000,0x0000000017520000)]
  0x000000000242a800 JavaThread "Finalizer" daemon [_thread_blocked, id=6960, stack(0x0000000016e40000,0x0000000016f40000)]
  0x0000000002424000 JavaThread "Reference Handler" daemon [_thread_blocked, id=3328, stack(0x0000000016d40000,0x0000000016e40000)]
  0x0000000002330800 JavaThread "main" [_thread_in_vm, id=5192, stack(0x0000000002170000,0x0000000002270000)]

Other Threads:
  0x0000000014f49000 VMThread [stack: 0x0000000016c40000,0x0000000016d40000] [id=6428]
  0x0000000017073000 WatcherThread [stack: 0x0000000017b20000,0x0000000017c20000] [id=5812]

VM state:not at safepoint (normal execution)

VM Mutex/Monitor currently owned by a thread: None

Heap:
 PSYoungGen      total 71680K, used 70365K [0x00000000eab00000, 0x00000000ef600000, 0x0000000100000000)
  eden space 66560K, 98% used [0x00000000eab00000,0x00000000eeabed00,0x00000000eec00000)
  from space 5120K, 99% used [0x00000000eec00000,0x00000000ef0f8850,0x00000000ef100000)
  to   space 5120K, 0% used [0x00000000ef100000,0x00000000ef100000,0x00000000ef600000)
 ParOldGen       total 87552K, used 13663K [0x00000000c0000000, 0x00000000c5580000, 0x00000000eab00000)
  object space 87552K, 15% used [0x00000000c0000000,0x00000000c0d57f60,0x00000000c5580000)
 Metaspace       used 6348K, capacity 7152K, committed 7296K, reserved 1056768K
  class space    used 604K, capacity 616K, committed 640K, reserved 1048576K

Card table byte_map: [0x00000000117f0000,0x0000000011a00000] byte_map_base: 0x00000000111f0000

Marking Bits: (ParMarkBitMap*) 0x00000000630e0600
 Begin Bits: [0x0000000012360000, 0x0000000013360000)
 End Bits:   [0x0000000013360000, 0x0000000014360000)

Polling page: 0x00000000020c0000

CodeCache: size=245760Kb used=6865Kb max_used=6865Kb free=238894Kb
 bounds [0x0000000002430000, 0x0000000002af0000, 0x0000000011430000]
 total_blobs=2126 nmethods=1857 adapters=182
 compilation: enabled

Compilation events (10 events):
Event: 1.378 Thread 0x000000001705b800 1903 %     3       java.lang.String::lastIndexOf @ 62 (151 bytes)
Event: 1.378 Thread 0x000000001705b800 nmethod 1903% 0x0000000002ae76d0 code [0x0000000002ae7880, 0x0000000002ae7eb0]
Event: 1.378 Thread 0x000000001705b800 1904   !   2       java.util.concurrent.ArrayBlockingQueue::offer (55 bytes)
Event: 1.379 Thread 0x000000001705b800 nmethod 1904 0x0000000002ae8390 code [0x0000000002ae8540, 0x0000000002ae8878]
Event: 1.379 Thread 0x000000001705b800 1905       2       java.util.concurrent.ArrayBlockingQueue::checkNotNull (13 bytes)
Event: 1.379 Thread 0x000000001705b800 nmethod 1905 0x0000000002ae8bd0 code [0x0000000002ae8d40, 0x0000000002ae8f08]
Event: 1.383 Thread 0x000000001705b800 1906       2       com.android.dx.command.dexer.Main$ClassTranslatorTask::call (5 bytes)
Event: 1.383 Thread 0x000000001705b800 nmethod 1906 0x0000000002ae8fd0 code [0x0000000002ae9140, 0x0000000002ae92c8]
Event: 1.383 Thread 0x000000001705b800 1907       2       com.android.dx.command.dexer.Main$ClassTranslatorTask::call (14 bytes)
Event: 1.383 Thread 0x000000001705b800 nmethod 1907 0x0000000002ae9390 code [0x0000000002ae9500, 0x0000000002ae9688]

GC Heap History (6 events):
Event: 0.524 GC heap before
{Heap before GC invocations=1 (full 0):
 PSYoungGen      total 38400K, used 33280K [0x00000000eab00000, 0x00000000ed580000, 0x0000000100000000)
  eden space 33280K, 100% used [0x00000000eab00000,0x00000000ecb80000,0x00000000ecb80000)
  from space 5120K, 0% used [0x00000000ed080000,0x00000000ed080000,0x00000000ed580000)
  to   space 5120K, 0% used [0x00000000ecb80000,0x00000000ecb80000,0x00000000ed080000)
 ParOldGen       total 87552K, used 0K [0x00000000c0000000, 0x00000000c5580000, 0x00000000eab00000)
  object space 87552K, 0% used [0x00000000c0000000,0x00000000c0000000,0x00000000c5580000)
 Metaspace       used 5836K, capacity 6768K, committed 7040K, reserved 1056768K
  class space    used 601K, capacity 616K, committed 640K, reserved 1048576K
Event: 0.532 GC heap after
Heap after GC invocations=1 (full 0):
 PSYoungGen      total 38400K, used 5111K [0x00000000eab00000, 0x00000000ef600000, 0x0000000100000000)
  eden space 33280K, 0% used [0x00000000eab00000,0x00000000eab00000,0x00000000ecb80000)
  from space 5120K, 99% used [0x00000000ecb80000,0x00000000ed07dc88,0x00000000ed080000)
  to   space 5120K, 0% used [0x00000000ef100000,0x00000000ef100000,0x00000000ef600000)
 ParOldGen       total 87552K, used 203K [0x00000000c0000000, 0x00000000c5580000, 0x00000000eab00000)
  object space 87552K, 0% used [0x00000000c0000000,0x00000000c0032dd0,0x00000000c5580000)
 Metaspace       used 5836K, capacity 6768K, committed 7040K, reserved 1056768K
  class space    used 601K, capacity 616K, committed 640K, reserved 1048576K
}
Event: 0.804 GC heap before
{Heap before GC invocations=2 (full 0):
 PSYoungGen      total 38400K, used 38391K [0x00000000eab00000, 0x00000000ef600000, 0x0000000100000000)
  eden space 33280K, 100% used [0x00000000eab00000,0x00000000ecb80000,0x00000000ecb80000)
  from space 5120K, 99% used [0x00000000ecb80000,0x00000000ed07dc88,0x00000000ed080000)
  to   space 5120K, 0% used [0x00000000ef100000,0x00000000ef100000,0x00000000ef600000)
 ParOldGen       total 87552K, used 203K [0x00000000c0000000, 0x00000000c5580000, 0x00000000eab00000)
  object space 87552K, 0% used [0x00000000c0000000,0x00000000c0032dd0,0x00000000c5580000)
 Metaspace       used 6086K, capacity 6960K, committed 7040K, reserved 1056768K
  class space    used 603K, capacity 616K, committed 640K, reserved 1048576K
Event: 0.816 GC heap after
Heap after GC invocations=2 (full 0):
 PSYoungGen      total 71680K, used 5091K [0x00000000eab00000, 0x00000000ef600000, 0x0000000100000000)
  eden space 66560K, 0% used [0x00000000eab00000,0x00000000eab00000,0x00000000eec00000)
  from space 5120K, 99% used [0x00000000ef100000,0x00000000ef5f8f10,0x00000000ef600000)
  to   space 5120K, 0% used [0x00000000eec00000,0x00000000eec00000,0x00000000ef100000)
 ParOldGen       total 87552K, used 3948K [0x00000000c0000000, 0x00000000c5580000, 0x00000000eab00000)
  object space 87552K, 4% used [0x00000000c0000000,0x00000000c03db370,0x00000000c5580000)
 Metaspace       used 6086K, capacity 6960K, committed 7040K, reserved 1056768K
  class space    used 603K, capacity 616K, committed 640K, reserved 1048576K
}
Event: 1.164 GC heap before
{Heap before GC invocations=3 (full 0):
 PSYoungGen      total 71680K, used 71651K [0x00000000eab00000, 0x00000000ef600000, 0x0000000100000000)
  eden space 66560K, 100% used [0x00000000eab00000,0x00000000eec00000,0x00000000eec00000)
  from space 5120K, 99% used [0x00000000ef100000,0x00000000ef5f8f10,0x00000000ef600000)
  to   space 5120K, 0% used [0x00000000eec00000,0x00000000eec00000,0x00000000ef100000)
 ParOldGen       total 87552K, used 3948K [0x00000000c0000000, 0x00000000c5580000, 0x00000000eab00000)
  object space 87552K, 4% used [0x00000000c0000000,0x00000000c03db370,0x00000000c5580000)
 Metaspace       used 6271K, capacity 7152K, committed 7296K, reserved 1056768K
  class space    used 604K, capacity 616K, committed 640K, reserved 1048576K
Event: 1.180 GC heap after
Heap after GC invocations=3 (full 0):
 PSYoungGen      total 71680K, used 5090K [0x00000000eab00000, 0x00000000ef600000, 0x0000000100000000)
  eden space 66560K, 0% used [0x00000000eab00000,0x00000000eab00000,0x00000000eec00000)
  from space 5120K, 99% used [0x00000000eec00000,0x00000000ef0f8850,0x00000000ef100000)
  to   space 5120K, 0% used [0x00000000ef100000,0x00000000ef100000,0x00000000ef600000)
 ParOldGen       total 87552K, used 13663K [0x00000000c0000000, 0x00000000c5580000, 0x00000000eab00000)
  object space 87552K, 15% used [0x00000000c0000000,0x00000000c0d57f60,0x00000000c5580000)
 Metaspace       used 6271K, capacity 7152K, committed 7296K, reserved 1056768K
  class space    used 604K, capacity 616K, committed 640K, reserved 1048576K
}

Deoptimization events (10 events):
Event: 0.882 Thread 0x0000000017c42000 Uncommon trap: reason=bimorphic action=maybe_recompile pc=0x00000000026ef348 method=java.util.HashMap.getNode(ILjava/lang/Object;)Ljava/util/HashMap$Node; @ 126
Event: 0.882 Thread 0x0000000017c42000 Uncommon trap: reason=class_check action=maybe_recompile pc=0x0000000002811288 method=java.util.HashMap.putVal(ILjava/lang/Object;Ljava/lang/Object;ZZ)Ljava/lang/Object; @ 203
Event: 0.882 Thread 0x0000000017c42000 Uncommon trap: reason=bimorphic action=maybe_recompile pc=0x00000000026c687c method=java.util.HashMap.getNode(ILjava/lang/Object;)Ljava/util/HashMap$Node; @ 126
Event: 1.161 Thread 0x0000000002330800 Uncommon trap: reason=unstable_if action=reinterpret pc=0x0000000002a2b820 method=com.android.dx.ssa.SsaRenamer$BlockRenamer.visitMoveInsn(Lcom/android/dx/ssa/NormalSsaInsn;)V @ 104
Event: 1.210 Thread 0x00000000173ad800 Uncommon trap: reason=bimorphic action=maybe_recompile pc=0x00000000029cb0e4 method=com.android.dx.cf.code.BytecodeArray.parseInstruction(ILcom/android/dx/cf/code/BytecodeArray$Visitor;)I @ 1130
Event: 1.210 Thread 0x00000000173ad800 Uncommon trap: reason=bimorphic action=maybe_recompile pc=0x00000000029cb0e4 method=com.android.dx.cf.code.BytecodeArray.parseInstruction(ILcom/android/dx/cf/code/BytecodeArray$Visitor;)I @ 1130
Event: 1.267 Thread 0x000000001741d000 Uncommon trap: reason=bimorphic action=maybe_recompile pc=0x00000000029ca12c method=com.android.dx.cf.code.BytecodeArray.parseInstruction(ILcom/android/dx/cf/code/BytecodeArray$Visitor;)I @ 1501
Event: 1.268 Thread 0x000000001741d000 Uncommon trap: reason=bimorphic action=maybe_recompile pc=0x00000000029ca12c method=com.android.dx.cf.code.BytecodeArray.parseInstruction(ILcom/android/dx/cf/code/BytecodeArray$Visitor;)I @ 1501
Event: 1.342 Thread 0x0000000017c42000 Uncommon trap: reason=unstable_if action=reinterpret pc=0x000000000298eb8c method=com.android.dx.ssa.SCCP.simulateBranch(Lcom/android/dx/ssa/SsaInsn;)V @ 64
Event: 1.348 Thread 0x0000000017c42000 Uncommon trap: reason=class_check action=maybe_recompile pc=0x00000000027edc00 method=java.util.HashMap.putVal(ILjava/lang/Object;Ljava/lang/Object;ZZ)Ljava/lang/Object; @ 203

Internal exceptions (3 events):
Event: 0.053 Thread 0x0000000002330800 Exception <a 'java/lang/NoSuchMethodError': Method sun.misc.Unsafe.defineClass(Ljava/lang/String;[BII)Ljava/lang/Class; name or signature does not match> (0x00000000eab13108) thrown at [D:\re\puppet\workspace\8-2-build-windows-amd64-cygwin\jdk8u73\6086\hotj7ic«?
Event: 0.053 Thread 0x0000000002330800 Exception <a 'java/lang/NoSuchMethodError': Method sun.misc.Unsafe.prefetchRead(Ljava/lang/Object;J)V name or signature does not match> (0x00000000eab133f0) thrown at [D:\re\puppet\workspace\8-2-build-windows-amd64-cygwin\jdk8u73\6086\hotspot\src\share\vm\Æul7-ä?
Event: 0.631 Thread 0x0000000017c42000 Implicit null exception at 0x0000000002683262 to 0x0000000002683361

Events (10 events):
Event: 1.267 Thread 0x000000001741d000 DEOPT UNPACKING pc=0x000000000247582a sp=0x000000001851e800 mode 2
Event: 1.268 Thread 0x000000001741d000 Uncommon trap: trap_request=0xffffffc6 fr.pc=0x00000000029ca12c
Event: 1.268 Thread 0x000000001741d000 DEOPT PACKING pc=0x00000000029ca12c sp=0x000000001851e6e0
Event: 1.268 Thread 0x000000001741d000 DEOPT UNPACKING pc=0x000000000247582a sp=0x000000001851e660 mode 2
Event: 1.342 Thread 0x0000000017c42000 Uncommon trap: trap_request=0xffffff65 fr.pc=0x000000000298eb8c
Event: 1.342 Thread 0x0000000017c42000 DEOPT PACKING pc=0x000000000298eb8c sp=0x000000001871e6b0
Event: 1.345 Thread 0x0000000017c42000 DEOPT UNPACKING pc=0x000000000247582a sp=0x000000001871e6a0 mode 2
Event: 1.348 Thread 0x0000000017c42000 Uncommon trap: trap_request=0xffffffde fr.pc=0x00000000027edc00
Event: 1.348 Thread 0x0000000017c42000 DEOPT PACKING pc=0x00000000027edc00 sp=0x000000001871e620
Event: 1.348 Thread 0x0000000017c42000 DEOPT UNPACKING pc=0x000000000247582a sp=0x000000001871e5a8 mode 2


Dynamic libraries:
0x00007ff7bf1b0000 - 0x00007ff7bf1e7000 	C:\Program Files\Java\jdk1.8.0_73\bin\java.exe
0x00007ffe0d3c0000 - 0x00007ffe0d581000 	C:\WINDOWS\SYSTEM32\ntdll.dll
0x00007ffe0c610000 - 0x00007ffe0c6bd000 	C:\WINDOWS\system32\KERNEL32.DLL
0x00007ffe09dc0000 - 0x00007ffe09fa8000 	C:\WINDOWS\system32\KERNELBASE.dll
0x00007ffe0c6d0000 - 0x00007ffe0c777000 	C:\WINDOWS\system32\ADVAPI32.dll
0x00007ffe0c780000 - 0x00007ffe0c81d000 	C:\WINDOWS\system32\msvcrt.dll
0x00007ffe0a7c0000 - 0x00007ffe0a81b000 	C:\WINDOWS\system32\sechost.dll
0x00007ffe0c080000 - 0x00007ffe0c19c000 	C:\WINDOWS\system32\RPCRT4.dll
0x00007ffe0ca60000 - 0x00007ffe0cbb6000 	C:\WINDOWS\system32\USER32.dll
0x00007ffe0a8e0000 - 0x00007ffe0aa66000 	C:\WINDOWS\system32\GDI32.dll
0x00007ffdfb900000 - 0x00007ffdfbb74000 	C:\WINDOWS\WinSxS\amd64_microsoft.windows.common-controls_6595b64144ccf1df_6.0.10586.0_none_8c15ae12515e1c22\COMCTL32.dll
0x00007ffe0cf00000 - 0x00007ffe0d17d000 	C:\WINDOWS\system32\combase.dll
0x00007ffe09a70000 - 0x00007ffe09ada000 	C:\WINDOWS\system32\bcryptPrimitives.dll
0x00007ffe0c5d0000 - 0x00007ffe0c60b000 	C:\WINDOWS\system32\IMM32.DLL
0x00000000627f0000 - 0x00000000628c2000 	C:\Program Files\Java\jdk1.8.0_73\jre\bin\msvcr100.dll
0x00000000628d0000 - 0x0000000063160000 	C:\Program Files\Java\jdk1.8.0_73\jre\bin\server\jvm.dll
0x00007ffe0c6c0000 - 0x00007ffe0c6c8000 	C:\WINDOWS\system32\PSAPI.DLL
0x00007ffe03470000 - 0x00007ffe03479000 	C:\WINDOWS\SYSTEM32\WSOCK32.dll
0x00007ffe08190000 - 0x00007ffe081b3000 	C:\WINDOWS\SYSTEM32\WINMM.dll
0x00007ffe02a50000 - 0x00007ffe02a5a000 	C:\WINDOWS\SYSTEM32\VERSION.dll
0x00007ffe0c9f0000 - 0x00007ffe0ca5b000 	C:\WINDOWS\system32\WS2_32.dll
0x00007ffe080b0000 - 0x00007ffe080dc000 	C:\WINDOWS\SYSTEM32\WINMMBASE.dll
0x00007ffe09d70000 - 0x00007ffe09db3000 	C:\WINDOWS\system32\cfgmgr32.dll
0x00000000627e0000 - 0x00000000627ef000 	C:\Program Files\Java\jdk1.8.0_73\jre\bin\verify.dll
0x00000000627b0000 - 0x00000000627d9000 	C:\Program Files\Java\jdk1.8.0_73\jre\bin\java.dll
0x0000000062790000 - 0x00000000627a6000 	C:\Program Files\Java\jdk1.8.0_73\jre\bin\zip.dll
0x00007ffe0aa70000 - 0x00007ffe0bfcc000 	C:\WINDOWS\system32\SHELL32.dll
0x00007ffe09fb0000 - 0x00007ffe0a5f5000 	C:\WINDOWS\system32\windows.storage.dll
0x00007ffe0a820000 - 0x00007ffe0a872000 	C:\WINDOWS\system32\shlwapi.dll
0x00007ffe099e0000 - 0x00007ffe099ef000 	C:\WINDOWS\system32\kernel.appcore.dll
0x00007ffe09ae0000 - 0x00007ffe09b95000 	C:\WINDOWS\system32\shcore.dll
0x00007ffe099f0000 - 0x00007ffe09a3b000 	C:\WINDOWS\system32\powrprof.dll
0x00007ffe09a50000 - 0x00007ffe09a64000 	C:\WINDOWS\system32\profapi.dll

VM Arguments:
jvm_args: -Djava.awt.headless=true -Xmx1024M -Dfile.encoding=windows-1257 -Duser.country=US -Duser.language=en -Duser.variant 
java_command: com.android.dx.command.Main --dex --num-threads=4 --output C:\Users\AndroidStudio\Desktop\Kalkulaator_III\app\build\intermediates\pre-dexed\debug\com.android.support-support-v4-23.2.1_14883029a0f1e723328b500f20993d39400abc41.jar C:\Users\AndroidStudio\Desktop\Kalkulaator_III\app\build\intermediates\exploded-aar\com.android.support\support-v4\23.2.1\jars\classes.jar
java_class_path (initial): C:\Users\AndroidStudio\AppData\Local\Android\sdk\build-tools\23.0.2\lib\dx.jar
Launcher Type: SUN_STANDARD

Environment Variables:
PATH=C:\ProgramData\Oracle\Java\javapath;C:\WINDOWS\system32;C:\WINDOWS;C:\WINDOWS\System32\Wbem;C:\WINDOWS\System32\WindowsPowerShell\v1.0\
USERNAME=AndroidStudio
OS=Windows_NT
PROCESSOR_IDENTIFIER=Intel64 Family 6 Model 45 Stepping 7, GenuineIntel



---------------  S Y S T E M  ---------------

OS: Windows 10.0 , 64 bit Build 10586 (10.0.10586.0)

CPU:total 8 (4 cores per cpu, 1 threads per core) family 6 model 45 stepping 7, cmov, cx8, fxsr, mmx, sse, sse2, sse3, ssse3, sse4.1, sse4.2, popcnt, avx, aes, clmul, tsc, tscinvbit, tscinv

Memory: 4k page, physical 8388148k(1513700k free), swap 8388148k(5432k free)

vm_info: Java HotSpot(TM) 64-Bit Server VM (25.73-b02) for windows-amd64 JRE (1.8.0_73-b02), built on Jan 29 2016 17:38:49 by "java_re" with MS VC++ 10.0 (VS2010)

time: Sun Apr 03 16:50:25 2016
elapsed time: 1 seconds (0d 0h 0m 1s)

