#
# There is insufficient memory for the Java Runtime Environment to continue.
# Native memory allocation (malloc) failed to allocate 640096 bytes for Chunk::new
# Possible reasons:
#   The system is out of physical RAM or swap space
#   In 32 bit mode, the process size limit was hit
# Possible solutions:
#   Reduce memory load on the system
#   Increase physical memory or swap space
#   Check if swap backing store is full
#   Use 64 bit Java on a 64 bit OS
#   Decrease Java heap size (-Xmx/-Xms)
#   Decrease number of Java threads
#   Decrease Java thread stack sizes (-Xss)
#   Set larger code cache with -XX:ReservedCodeCacheSize=
# This output file may be truncated or incomplete.
#
#  Out of Memory Error (allocation.cpp:390), pid=6764, tid=4536
#
# JRE version: Java(TM) SE Runtime Environment (8.0_73-b02) (build 1.8.0_73-b02)
# Java VM: Java HotSpot(TM) 64-Bit Server VM (25.73-b02 mixed mode windows-amd64 compressed oops)
# Failed to write core dump. Minidumps are not enabled by default on client versions of Windows
#

---------------  T H R E A D  ---------------

Current thread (0x0000000016e9c800):  JavaThread "C2 CompilerThread0" daemon [_thread_in_native, id=4536, stack(0x0000000017470000,0x0000000017570000)]

Stack: [0x0000000017470000,0x0000000017570000]
[error occurred during error reporting (printing stack bounds), id 0xc0000005]

Native frames: (J=compiled Java code, j=interpreted, Vv=VM code, C=native code)


Current CompileTask:
C2:   1637 1127       4       com.android.dx.ssa.SCCP::simulateBranch (666 bytes)


---------------  P R O C E S S  ---------------

Java Threads: ( => current thread )
  0x000000001715e000 JavaThread "pool-1-thread-4" [_thread_blocked, id=5796, stack(0x0000000017e70000,0x0000000017f70000)]
  0x000000001715d000 JavaThread "pool-1-thread-3" [_thread_blocked, id=6584, stack(0x0000000017d70000,0x0000000017e70000)]
  0x00000000171de000 JavaThread "pool-1-thread-2" [_thread_blocked, id=7332, stack(0x0000000017c70000,0x0000000017d70000)]
  0x0000000017177000 JavaThread "pool-2-thread-1" [_thread_blocked, id=4252, stack(0x0000000017b70000,0x0000000017c70000)]
  0x0000000017176800 JavaThread "pool-1-thread-1" [_thread_blocked, id=1588, stack(0x0000000017a70000,0x0000000017b70000)]
  0x0000000016eed000 JavaThread "Service Thread" daemon [_thread_blocked, id=5884, stack(0x0000000017870000,0x0000000017970000)]
  0x0000000014dce000 JavaThread "C1 CompilerThread3" daemon [_thread_blocked, id=4600, stack(0x0000000017770000,0x0000000017870000)]
  0x0000000016ea3000 JavaThread "C2 CompilerThread2" daemon [_thread_blocked, id=988, stack(0x0000000017670000,0x0000000017770000)]
  0x0000000016ea1000 JavaThread "C2 CompilerThread1" daemon [_thread_blocked, id=656, stack(0x0000000017570000,0x0000000017670000)]
=>0x0000000016e9c800 JavaThread "C2 CompilerThread0" daemon [_thread_in_native, id=4536, stack(0x0000000017470000,0x0000000017570000)]
  0x0000000016e9b000 JavaThread "Attach Listener" daemon [_thread_blocked, id=4028, stack(0x0000000017370000,0x0000000017470000)]
  0x0000000016e99800 JavaThread "Signal Dispatcher" daemon [_thread_blocked, id=6964, stack(0x0000000017270000,0x0000000017370000)]
  0x0000000002298800 JavaThread "Finalizer" daemon [_thread_blocked, id=1252, stack(0x0000000016c90000,0x0000000016d90000)]
  0x0000000002292000 JavaThread "Reference Handler" daemon [_thread_blocked, id=6316, stack(0x0000000016b90000,0x0000000016c90000)]
  0x00000000021a0800 JavaThread "main" [_thread_blocked, id=2396, stack(0x0000000001fe0000,0x00000000020e0000)]

Other Threads:
  0x0000000014db9000 VMThread [stack: 0x0000000016a90000,0x0000000016b90000] [id=1260]
  0x0000000016f51800 WatcherThread [stack: 0x0000000017970000,0x0000000017a70000] [id=6436]

VM state:not at safepoint (normal execution)

VM Mutex/Monitor currently owned by a thread: None

Heap:
 PSYoungGen      total 38400K, used 8554K [0x00000000eab00000, 0x00000000ef600000, 0x0000000100000000)
  eden space 33280K, 10% used [0x00000000eab00000,0x00000000eae5d4e0,0x00000000ecb80000)
  from space 5120K, 99% used [0x00000000ecb80000,0x00000000ed07d628,0x00000000ed080000)
  to   space 5120K, 0% used [0x00000000ef100000,0x00000000ef100000,0x00000000ef600000)
 ParOldGen       total 87552K, used 1267K [0x00000000c0000000, 0x00000000c5580000, 0x00000000eab00000)
  object space 87552K, 1% used [0x00000000c0000000,0x00000000c013ce48,0x00000000c5580000)
 Metaspace       used 5924K, capacity 6832K, committed 7040K, reserved 1056768K
  class space    used 599K, capacity 616K, committed 640K, reserved 1048576K

Card table byte_map: [0x0000000011660000,0x0000000011870000] byte_map_base: 0x0000000011060000

Marking Bits: (ParMarkBitMap*) 0x00000000630e0600
 Begin Bits: [0x00000000121d0000, 0x00000000131d0000)
 End Bits:   [0x00000000131d0000, 0x00000000141d0000)

Polling page: 0x0000000000790000

CodeCache: size=245760Kb used=4373Kb max_used=4404Kb free=241386Kb
 bounds [0x00000000022a0000, 0x0000000002700000, 0x00000000112a0000]
 total_blobs=1400 nmethods=1129 adapters=182
 compilation: enabled

Compilation events (10 events):
Event: 1.272 Thread 0x0000000014dce000 1044       1       com.android.dx.cf.code.LocalVariableList$Item::getSignature (5 bytes)
Event: 1.273 Thread 0x0000000014dce000 nmethod 1044 0x00000000026d29d0 code [0x00000000026d2b20, 0x00000000026d2c30]
Event: 1.273 Thread 0x0000000014dce000 1075       1       com.android.dx.dex.file.DexFile::getStringIds (5 bytes)
Event: 1.273 Thread 0x0000000014dce000 nmethod 1075 0x00000000026d2c90 code [0x00000000026d2de0, 0x00000000026d2ef0]
Event: 1.273 Thread 0x0000000014dce000  973       1       com.android.dx.cf.code.RopperMachine::returns (5 bytes)
Event: 1.273 Thread 0x0000000014dce000 nmethod 973 0x00000000026d2f50 code [0x00000000026d30a0, 0x00000000026d31b0]
Event: 1.561 Thread 0x0000000016e9c800 nmethod 1100 0x00000000026dfe50 code [0x00000000026e1620, 0x00000000026e8600]
Event: 1.561 Thread 0x0000000016e9c800 1128 %     4       com.android.dx.ssa.SsaMethod::computeReachability @ 52 (131 bytes)
Event: 1.579 Thread 0x0000000016e9c800 nmethod 1128% 0x00000000026db210 code [0x00000000026db3a0, 0x00000000026dbdd8]
Event: 1.579 Thread 0x0000000016e9c800 1127       4       com.android.dx.ssa.SCCP::simulateBranch (666 bytes)

GC Heap History (2 events):
Event: 1.293 GC heap before
{Heap before GC invocations=1 (full 0):
 PSYoungGen      total 38400K, used 33280K [0x00000000eab00000, 0x00000000ed580000, 0x0000000100000000)
  eden space 33280K, 100% used [0x00000000eab00000,0x00000000ecb80000,0x00000000ecb80000)
  from space 5120K, 0% used [0x00000000ed080000,0x00000000ed080000,0x00000000ed580000)
  to   space 5120K, 0% used [0x00000000ecb80000,0x00000000ecb80000,0x00000000ed080000)
 ParOldGen       total 87552K, used 0K [0x00000000c0000000, 0x00000000c5580000, 0x00000000eab00000)
  object space 87552K, 0% used [0x00000000c0000000,0x00000000c0000000,0x00000000c5580000)
 Metaspace       used 5921K, capacity 6832K, committed 7040K, reserved 1056768K
  class space    used 599K, capacity 616K, committed 640K, reserved 1048576K
Event: 1.549 GC heap after
Heap after GC invocations=1 (full 0):
 PSYoungGen      total 38400K, used 5109K [0x00000000eab00000, 0x00000000ef600000, 0x0000000100000000)
  eden space 33280K, 0% used [0x00000000eab00000,0x00000000eab00000,0x00000000ecb80000)
  from space 5120K, 99% used [0x00000000ecb80000,0x00000000ed07d628,0x00000000ed080000)
  to   space 5120K, 0% used [0x00000000ef100000,0x00000000ef100000,0x00000000ef600000)
 ParOldGen       total 87552K, used 1267K [0x00000000c0000000, 0x00000000c5580000, 0x00000000eab00000)
  object space 87552K, 1% used [0x00000000c0000000,0x00000000c013ce48,0x00000000c5580000)
 Metaspace       used 5921K, capacity 6832K, committed 7040K, reserved 1056768K
  class space    used 599K, capacity 616K, committed 640K, reserved 1048576K
}

Deoptimization events (10 events):
Event: 1.187 Thread 0x000000001715e000 Uncommon trap: reason=unstable_if action=reinterpret pc=0x0000000002626bd4 method=com.android.dx.rop.code.RegisterSpecSet.put(Lcom/android/dx/rop/code/RegisterSpec;)V @ 77
Event: 1.188 Thread 0x000000001715e000 Uncommon trap: reason=bimorphic action=maybe_recompile pc=0x00000000024d1588 method=java.util.HashMap.getNode(ILjava/lang/Object;)Ljava/util/HashMap$Node; @ 126
Event: 1.188 Thread 0x000000001715e000 Uncommon trap: reason=class_check action=maybe_recompile pc=0x0000000002679168 method=java.util.HashMap.putVal(ILjava/lang/Object;Ljava/lang/Object;ZZ)Ljava/lang/Object; @ 203
Event: 1.188 Thread 0x000000001715e000 Uncommon trap: reason=bimorphic action=maybe_recompile pc=0x00000000024d1588 method=java.util.HashMap.getNode(ILjava/lang/Object;)Ljava/util/HashMap$Node; @ 126
Event: 1.188 Thread 0x000000001715e000 Uncommon trap: reason=class_check action=maybe_recompile pc=0x0000000002679168 method=java.util.HashMap.putVal(ILjava/lang/Object;Ljava/lang/Object;ZZ)Ljava/lang/Object; @ 203
Event: 1.188 Thread 0x000000001715e000 Uncommon trap: reason=bimorphic action=maybe_recompile pc=0x00000000024d1588 method=java.util.HashMap.getNode(ILjava/lang/Object;)Ljava/util/HashMap$Node; @ 126
Event: 1.188 Thread 0x000000001715e000 Uncommon trap: reason=class_check action=maybe_recompile pc=0x0000000002679168 method=java.util.HashMap.putVal(ILjava/lang/Object;Ljava/lang/Object;ZZ)Ljava/lang/Object; @ 203
Event: 1.188 Thread 0x000000001715e000 Uncommon trap: reason=bimorphic action=maybe_recompile pc=0x00000000024a8ca4 method=java.util.HashMap.getNode(ILjava/lang/Object;)Ljava/util/HashMap$Node; @ 126
Event: 1.193 Thread 0x000000001715e000 Uncommon trap: reason=class_check action=maybe_recompile pc=0x000000000264bc94 method=java.util.HashMap.putVal(ILjava/lang/Object;Ljava/lang/Object;ZZ)Ljava/lang/Object; @ 203
Event: 1.575 Thread 0x0000000017176800 Uncommon trap: reason=unstable_if action=reinterpret pc=0x0000000002535194 method=com.android.dx.rop.code.RegisterSpec.equals(ILcom/android/dx/rop/type/TypeBearer;Lcom/android/dx/rop/code/LocalItem;)Z @ 42

Internal exceptions (2 events):
Event: 0.037 Thread 0x00000000021a0800 Exception <a 'java/lang/NoSuchMethodError': Method sun.misc.Unsafe.defineClass(Ljava/lang/String;[BII)Ljava/lang/Class; name or signature does not match> (0x00000000eab13108) thrown at [D:\re\puppet\workspace\8-2-build-windows-amd64-cygwin\jdk8u73\6086\hotFq48ߢ?
Event: 0.037 Thread 0x00000000021a0800 Exception <a 'java/lang/NoSuchMethodError': Method sun.misc.Unsafe.prefetchRead(Ljava/lang/Object;J)V name or signature does not match> (0x00000000eab133f0) thrown at [D:\re\puppet\workspace\8-2-build-windows-amd64-cygwin\jdk8u73\6086\hotspot\src\share\vm\

Events (10 events):
Event: 1.188 Thread 0x000000001715e000 DEOPT PACKING pc=0x00000000024a8ca4 sp=0x0000000017f6e8a0
Event: 1.188 Thread 0x000000001715e000 DEOPT UNPACKING pc=0x00000000022e582a sp=0x0000000017f6e828 mode 2
Event: 1.193 Thread 0x000000001715e000 Uncommon trap: trap_request=0xffffffde fr.pc=0x000000000264bc94
Event: 1.193 Thread 0x000000001715e000 DEOPT PACKING pc=0x000000000264bc94 sp=0x0000000017f6eb80
Event: 1.193 Thread 0x000000001715e000 DEOPT UNPACKING pc=0x00000000022e582a sp=0x0000000017f6eb38 mode 2
Event: 1.288 Executing VM operation: ParallelGCFailedAllocation
Event: 1.550 Executing VM operation: ParallelGCFailedAllocation done
Event: 1.575 Thread 0x0000000017176800 Uncommon trap: trap_request=0xffffff65 fr.pc=0x0000000002535194
Event: 1.575 Thread 0x0000000017176800 DEOPT PACKING pc=0x0000000002535194 sp=0x0000000017b6e8b0
Event: 1.575 Thread 0x0000000017176800 DEOPT UNPACKING pc=0x00000000022e582a sp=0x0000000017b6e838 mode 2


Dynamic libraries:
0x00007ff7bf1b0000 - 0x00007ff7bf1e7000 	C:\Program Files\Java\jdk1.8.0_73\bin\java.exe
0x00007ffe0d3c0000 - 0x00007ffe0d581000 	C:\WINDOWS\SYSTEM32\ntdll.dll
0x00007ffe0c610000 - 0x00007ffe0c6bd000 	C:\WINDOWS\system32\KERNEL32.DLL
0x00007ffe09dc0000 - 0x00007ffe09fa8000 	C:\WINDOWS\system32\KERNELBASE.dll
0x00007ffe0c6d0000 - 0x00007ffe0c777000 	C:\WINDOWS\system32\ADVAPI32.dll
0x00007ffe0c780000 - 0x00007ffe0c81d000 	C:\WINDOWS\system32\msvcrt.dll
0x00007ffe0a7c0000 - 0x00007ffe0a81b000 	C:\WINDOWS\system32\sechost.dll
0x00007ffe0c080000 - 0x00007ffe0c19c000 	C:\WINDOWS\system32\RPCRT4.dll
0x00007ffe0ca60000 - 0x00007ffe0cbb6000 	C:\WINDOWS\system32\USER32.dll
0x00007ffe0a8e0000 - 0x00007ffe0aa66000 	C:\WINDOWS\system32\GDI32.dll
0x00007ffdfb900000 - 0x00007ffdfbb74000 	C:\WINDOWS\WinSxS\amd64_microsoft.windows.common-controls_6595b64144ccf1df_6.0.10586.0_none_8c15ae12515e1c22\COMCTL32.dll
0x00007ffe0cf00000 - 0x00007ffe0d17d000 	C:\WINDOWS\system32\combase.dll
0x00007ffe09a70000 - 0x00007ffe09ada000 	C:\WINDOWS\system32\bcryptPrimitives.dll
0x00007ffe0c5d0000 - 0x00007ffe0c60b000 	C:\WINDOWS\system32\IMM32.DLL
0x00000000627f0000 - 0x00000000628c2000 	C:\Program Files\Java\jdk1.8.0_73\jre\bin\msvcr100.dll
0x00000000628d0000 - 0x0000000063160000 	C:\Program Files\Java\jdk1.8.0_73\jre\bin\server\jvm.dll
0x00007ffe0c6c0000 - 0x00007ffe0c6c8000 	C:\WINDOWS\system32\PSAPI.DLL
0x00007ffe03470000 - 0x00007ffe03479000 	C:\WINDOWS\SYSTEM32\WSOCK32.dll
0x00007ffe0c9f0000 - 0x00007ffe0ca5b000 	C:\WINDOWS\system32\WS2_32.dll
0x00007ffe08190000 - 0x00007ffe081b3000 	C:\WINDOWS\SYSTEM32\WINMM.dll
0x00007ffe02a50000 - 0x00007ffe02a5a000 	C:\WINDOWS\SYSTEM32\VERSION.dll
0x00007ffe080b0000 - 0x00007ffe080dc000 	C:\WINDOWS\SYSTEM32\WINMMBASE.dll
0x00007ffe09d70000 - 0x00007ffe09db3000 	C:\WINDOWS\system32\cfgmgr32.dll
0x00000000627e0000 - 0x00000000627ef000 	C:\Program Files\Java\jdk1.8.0_73\jre\bin\verify.dll
0x00000000627b0000 - 0x00000000627d9000 	C:\Program Files\Java\jdk1.8.0_73\jre\bin\java.dll
0x0000000062790000 - 0x00000000627a6000 	C:\Program Files\Java\jdk1.8.0_73\jre\bin\zip.dll
0x00007ffe0aa70000 - 0x00007ffe0bfcc000 	C:\WINDOWS\system32\SHELL32.dll
0x00007ffe09fb0000 - 0x00007ffe0a5f5000 	C:\WINDOWS\system32\windows.storage.dll
0x00007ffe0a820000 - 0x00007ffe0a872000 	C:\WINDOWS\system32\shlwapi.dll
0x00007ffe099e0000 - 0x00007ffe099ef000 	C:\WINDOWS\system32\kernel.appcore.dll
0x00007ffe09ae0000 - 0x00007ffe09b95000 	C:\WINDOWS\system32\shcore.dll
0x00007ffe099f0000 - 0x00007ffe09a3b000 	C:\WINDOWS\system32\powrprof.dll
0x00007ffe09a50000 - 0x00007ffe09a64000 	C:\WINDOWS\system32\profapi.dll

VM Arguments:
jvm_args: -Djava.awt.headless=true -Xmx1024M -Dfile.encoding=windows-1257 -Duser.country=US -Duser.language=en -Duser.variant 
java_command: com.android.dx.command.Main --dex --num-threads=4 --output C:\Users\AndroidStudio\Desktop\Kalkulaator_III\app\build\intermediates\pre-dexed\debug\com.android.support-recyclerview-v7-23.2.1_f045b4797c8f5d8ef321060b757075929dcf88c8.jar C:\Users\AndroidStudio\Desktop\Kalkulaator_III\app\build\intermediates\exploded-aar\com.android.support\recyclerview-v7\23.2.1\jars\classes.jar
java_class_path (initial): C:\Users\AndroidStudio\AppData\Local\Android\sdk\build-tools\23.0.2\lib\dx.jar
Launcher Type: SUN_STANDARD

Environment Variables:
PATH=C:\ProgramData\Oracle\Java\javapath;C:\WINDOWS\system32;C:\WINDOWS;C:\WINDOWS\System32\Wbem;C:\WINDOWS\System32\WindowsPowerShell\v1.0\
USERNAME=AndroidStudio
OS=Windows_NT
PROCESSOR_IDENTIFIER=Intel64 Family 6 Model 45 Stepping 7, GenuineIntel



---------------  S Y S T E M  ---------------

OS: Windows 10.0 , 64 bit Build 10586 (10.0.10586.0)

CPU:total 8 (4 cores per cpu, 1 threads per core) family 6 model 45 stepping 7, cmov, cx8, fxsr, mmx, sse, sse2, sse3, ssse3, sse4.1, sse4.2, popcnt, avx, aes, clmul, tsc, tscinvbit, tscinv

Memory: 4k page, physical 8388148k(2987792k free), swap 8388148k(10284k free)

vm_info: Java HotSpot(TM) 64-Bit Server VM (25.73-b02) for windows-amd64 JRE (1.8.0_73-b02), built on Jan 29 2016 17:38:49 by "java_re" with MS VC++ 10.0 (VS2010)

time: Sun Apr 03 23:11:52 2016
elapsed time: 1 seconds (0d 0h 0m 1s)

