#
# There is insufficient memory for the Java Runtime Environment to continue.
# Native memory allocation (malloc) failed to allocate 262160 bytes for Chunk::new
# Possible reasons:
#   The system is out of physical RAM or swap space
#   In 32 bit mode, the process size limit was hit
# Possible solutions:
#   Reduce memory load on the system
#   Increase physical memory or swap space
#   Check if swap backing store is full
#   Use 64 bit Java on a 64 bit OS
#   Decrease Java heap size (-Xmx/-Xms)
#   Decrease number of Java threads
#   Decrease Java thread stack sizes (-Xss)
#   Set larger code cache with -XX:ReservedCodeCacheSize=
# This output file may be truncated or incomplete.
#
#  Out of Memory Error (allocation.cpp:390), pid=7668, tid=1540
#
# JRE version: Java(TM) SE Runtime Environment (8.0_73-b02) (build 1.8.0_73-b02)
# Java VM: Java HotSpot(TM) 64-Bit Server VM (25.73-b02 mixed mode windows-amd64 compressed oops)
# Failed to write core dump. Minidumps are not enabled by default on client versions of Windows
#

---------------  T H R E A D  ---------------

Current thread (0x0000000017076000):  JavaThread "C2 CompilerThread2" daemon [_thread_in_native, id=1540, stack(0x00000000177f0000,0x00000000178f0000)]

Stack: [0x00000000177f0000,0x00000000178f0000]
[error occurred during error reporting (printing stack bounds), id 0xc0000005]

Native frames: (J=compiled Java code, j=interpreted, Vv=VM code, C=native code)


Current CompileTask:
C2:   1171 1125   !   4       com.android.dx.cf.code.BytecodeArray::parseInstruction (2764 bytes)


---------------  P R O C E S S  ---------------

Java Threads: ( => current thread )
  0x0000000017334000 JavaThread "pool-1-thread-4" [_thread_in_Java, id=5012, stack(0x0000000017ff0000,0x00000000180f0000)]
  0x0000000017329000 JavaThread "pool-1-thread-3" [_thread_blocked, id=8072, stack(0x0000000017ef0000,0x0000000017ff0000)]
  0x00000000172b8800 JavaThread "pool-1-thread-2" [_thread_in_Java, id=7576, stack(0x0000000017df0000,0x0000000017ef0000)]
  0x0000000017305800 JavaThread "pool-2-thread-1" [_thread_blocked, id=4548, stack(0x0000000017cf0000,0x0000000017df0000)]
  0x00000000172fc000 JavaThread "pool-1-thread-1" [_thread_in_Java, id=5056, stack(0x0000000017bf0000,0x0000000017cf0000)]
  0x00000000170ab800 JavaThread "Service Thread" daemon [_thread_blocked, id=3600, stack(0x00000000179f0000,0x0000000017af0000)]
  0x000000001707a000 JavaThread "C1 CompilerThread3" daemon [_thread_blocked, id=760, stack(0x00000000178f0000,0x00000000179f0000)]
=>0x0000000017076000 JavaThread "C2 CompilerThread2" daemon [_thread_in_native, id=1540, stack(0x00000000177f0000,0x00000000178f0000)]
  0x0000000017074800 JavaThread "C2 CompilerThread1" daemon [_thread_blocked, id=5488, stack(0x00000000176f0000,0x00000000177f0000)]
  0x0000000017018000 JavaThread "C2 CompilerThread0" daemon [_thread_blocked, id=4020, stack(0x00000000175f0000,0x00000000176f0000)]
  0x0000000017017000 JavaThread "Attach Listener" daemon [_thread_blocked, id=7984, stack(0x00000000174f0000,0x00000000175f0000)]
  0x0000000017015800 JavaThread "Signal Dispatcher" daemon [_thread_blocked, id=7288, stack(0x00000000173f0000,0x00000000174f0000)]
  0x0000000002408800 JavaThread "Finalizer" daemon [_thread_blocked, id=4516, stack(0x0000000016e10000,0x0000000016f10000)]
  0x0000000002402000 JavaThread "Reference Handler" daemon [_thread_blocked, id=5924, stack(0x0000000016d10000,0x0000000016e10000)]
  0x0000000002310800 JavaThread "main" [_thread_blocked, id=7992, stack(0x0000000002210000,0x0000000002310000)]

Other Threads:
  0x0000000014f29000 VMThread [stack: 0x0000000016c10000,0x0000000016d10000] [id=5128]
  0x00000000170a1800 WatcherThread [stack: 0x0000000017af0000,0x0000000017bf0000] [id=2524]

VM state:not at safepoint (normal execution)

VM Mutex/Monitor currently owned by a thread: None

Heap:
 PSYoungGen      total 38400K, used 27624K [0x00000000eab00000, 0x00000000ed580000, 0x0000000100000000)
  eden space 33280K, 83% used [0x00000000eab00000,0x00000000ec5fa318,0x00000000ecb80000)
  from space 5120K, 0% used [0x00000000ed080000,0x00000000ed080000,0x00000000ed580000)
  to   space 5120K, 0% used [0x00000000ecb80000,0x00000000ecb80000,0x00000000ed080000)
 ParOldGen       total 87552K, used 0K [0x00000000c0000000, 0x00000000c5580000, 0x00000000eab00000)
  object space 87552K, 0% used [0x00000000c0000000,0x00000000c0000000,0x00000000c5580000)
 Metaspace       used 5937K, capacity 6896K, committed 7040K, reserved 1056768K
  class space    used 598K, capacity 616K, committed 640K, reserved 1048576K

Card table byte_map: [0x00000000117d0000,0x00000000119e0000] byte_map_base: 0x00000000111d0000

Marking Bits: (ParMarkBitMap*) 0x00000000630e0600
 Begin Bits: [0x0000000012340000, 0x0000000013340000)
 End Bits:   [0x0000000013340000, 0x0000000014340000)

Polling page: 0x0000000002080000

CodeCache: size=245760Kb used=4565Kb max_used=4579Kb free=241194Kb
 bounds [0x0000000002410000, 0x0000000002890000, 0x0000000011410000]
 total_blobs=1406 nmethods=1137 adapters=182
 compilation: enabled

Compilation events (10 events):
Event: 1.142 Thread 0x000000001707a000 nmethod 1139 0x0000000002886990 code [0x0000000002886ae0, 0x0000000002886bf0]
Event: 1.142 Thread 0x000000001707a000 1133       1       com.android.dx.cf.attrib.AttCode::getAttributes (5 bytes)
Event: 1.142 Thread 0x000000001707a000 nmethod 1133 0x0000000002886c50 code [0x0000000002886da0, 0x0000000002886eb0]
Event: 1.142 Thread 0x000000001707a000 1134       1       com.android.dx.cf.attrib.AttLineNumberTable::getLineNumbers (5 bytes)
Event: 1.142 Thread 0x000000001707a000 nmethod 1134 0x0000000002886f10 code [0x0000000002887060, 0x0000000002887170]
Event: 1.142 Thread 0x000000001707a000 1135       1       com.android.dx.cf.code.Simulator::access$000 (5 bytes)
Event: 1.142 Thread 0x000000001707a000 nmethod 1135 0x00000000028871d0 code [0x0000000002887320, 0x0000000002887410]
Event: 1.142 Thread 0x000000001707a000 1136       1       com.android.dx.cf.code.Ropper::access$700 (5 bytes)
Event: 1.142 Thread 0x000000001707a000 nmethod 1136 0x0000000002887490 code [0x00000000028875e0, 0x00000000028876d0]
Event: 1.159 Thread 0x0000000017018000 nmethod 1138 0x000000000288aed0 code [0x000000000288b080, 0x000000000288bb98]

GC Heap History (0 events):
No events

Deoptimization events (4 events):
Event: 0.403 Thread 0x0000000017329000 Uncommon trap: reason=unstable_if action=reinterpret pc=0x0000000002625830 method=java.util.BitSet.nextSetBit(I)I @ 87
Event: 0.697 Thread 0x0000000017329000 Uncommon trap: reason=unstable_if action=reinterpret pc=0x000000000265d3b4 method=java.util.BitSet.ensureCapacity(I)V @ 6
Event: 0.719 Thread 0x00000000172b8800 Uncommon trap: reason=null_check action=make_not_entrant pc=0x000000000273cca0 method=com.android.dx.rop.type.Type.equals(Ljava/lang/Object;)Z @ 8
Event: 1.113 Thread 0x0000000017334000 Uncommon trap: reason=unstable_if action=reinterpret pc=0x000000000277b35c method=com.android.dx.rop.cst.Constant.compareTo(Lcom/android/dx/rop/cst/Constant;)I @ 12

Internal exceptions (3 events):
Event: 0.038 Thread 0x0000000002310800 Exception <a 'java/lang/NoSuchMethodError': Method sun.misc.Unsafe.defineClass(Ljava/lang/String;[BII)Ljava/lang/Class; name or signature does not match> (0x00000000eab13108) thrown at [D:\re\puppet\workspace\8-2-build-windows-amd64-cygwin\jdk8u73\6086\hot¥.e3~®£?
Event: 0.038 Thread 0x0000000002310800 Exception <a 'java/lang/NoSuchMethodError': Method sun.misc.Unsafe.prefetchRead(Ljava/lang/Object;J)V name or signature does not match> (0x00000000eab133f0) thrown at [D:\re\puppet\workspace\8-2-build-windows-amd64-cygwin\jdk8u73\6086\hotspot\src\share\vm\0æîÊç?
Event: 0.719 Thread 0x00000000172b8800 Implicit null exception at 0x000000000273cba2 to 0x000000000273cc92

Events (10 events):
Event: 0.697 Thread 0x0000000017329000 DEOPT PACKING pc=0x000000000265d3b4 sp=0x0000000017fee860
Event: 0.697 Thread 0x0000000017329000 DEOPT UNPACKING pc=0x000000000245582a sp=0x0000000017fee748 mode 2
Event: 0.719 Thread 0x00000000172b8800 Uncommon trap: trap_request=0xfffffff4 fr.pc=0x000000000273cca0
Event: 0.719 Thread 0x00000000172b8800 DEOPT PACKING pc=0x000000000273cca0 sp=0x0000000017eeeaa0
Event: 0.719 Thread 0x00000000172b8800 DEOPT UNPACKING pc=0x000000000245582a sp=0x0000000017eeea38 mode 2
Event: 1.080 Executing VM operation: ForceSafepoint
Event: 1.087 Executing VM operation: ForceSafepoint done
Event: 1.113 Thread 0x0000000017334000 Uncommon trap: trap_request=0xffffff65 fr.pc=0x000000000277b35c
Event: 1.113 Thread 0x0000000017334000 DEOPT PACKING pc=0x000000000277b35c sp=0x00000000180eea20
Event: 1.113 Thread 0x0000000017334000 DEOPT UNPACKING pc=0x000000000245582a sp=0x00000000180ee9c0 mode 2


Dynamic libraries:
0x00007ff7bf1b0000 - 0x00007ff7bf1e7000 	C:\Program Files\Java\jdk1.8.0_73\bin\java.exe
0x00007ffe0d3c0000 - 0x00007ffe0d581000 	C:\WINDOWS\SYSTEM32\ntdll.dll
0x00007ffe0c610000 - 0x00007ffe0c6bd000 	C:\WINDOWS\system32\KERNEL32.DLL
0x00007ffe09dc0000 - 0x00007ffe09fa8000 	C:\WINDOWS\system32\KERNELBASE.dll
0x00007ffe0c6d0000 - 0x00007ffe0c777000 	C:\WINDOWS\system32\ADVAPI32.dll
0x00007ffe0c780000 - 0x00007ffe0c81d000 	C:\WINDOWS\system32\msvcrt.dll
0x00007ffe0a7c0000 - 0x00007ffe0a81b000 	C:\WINDOWS\system32\sechost.dll
0x00007ffe0c080000 - 0x00007ffe0c19c000 	C:\WINDOWS\system32\RPCRT4.dll
0x00007ffe0ca60000 - 0x00007ffe0cbb6000 	C:\WINDOWS\system32\USER32.dll
0x00007ffe0a8e0000 - 0x00007ffe0aa66000 	C:\WINDOWS\system32\GDI32.dll
0x00007ffdfb900000 - 0x00007ffdfbb74000 	C:\WINDOWS\WinSxS\amd64_microsoft.windows.common-controls_6595b64144ccf1df_6.0.10586.0_none_8c15ae12515e1c22\COMCTL32.dll
0x00007ffe0cf00000 - 0x00007ffe0d17d000 	C:\WINDOWS\system32\combase.dll
0x00007ffe09a70000 - 0x00007ffe09ada000 	C:\WINDOWS\system32\bcryptPrimitives.dll
0x00007ffe0c5d0000 - 0x00007ffe0c60b000 	C:\WINDOWS\system32\IMM32.DLL
0x00000000627f0000 - 0x00000000628c2000 	C:\Program Files\Java\jdk1.8.0_73\jre\bin\msvcr100.dll
0x00000000628d0000 - 0x0000000063160000 	C:\Program Files\Java\jdk1.8.0_73\jre\bin\server\jvm.dll
0x00007ffe0c6c0000 - 0x00007ffe0c6c8000 	C:\WINDOWS\system32\PSAPI.DLL
0x00007ffe03470000 - 0x00007ffe03479000 	C:\WINDOWS\SYSTEM32\WSOCK32.dll
0x00007ffe0c9f0000 - 0x00007ffe0ca5b000 	C:\WINDOWS\system32\WS2_32.dll
0x00007ffe08190000 - 0x00007ffe081b3000 	C:\WINDOWS\SYSTEM32\WINMM.dll
0x00007ffe02a50000 - 0x00007ffe02a5a000 	C:\WINDOWS\SYSTEM32\VERSION.dll
0x00000000020b0000 - 0x00000000020dc000 	C:\WINDOWS\SYSTEM32\WINMMBASE.dll
0x00007ffe09d70000 - 0x00007ffe09db3000 	C:\WINDOWS\system32\cfgmgr32.dll
0x00000000627e0000 - 0x00000000627ef000 	C:\Program Files\Java\jdk1.8.0_73\jre\bin\verify.dll
0x00000000627b0000 - 0x00000000627d9000 	C:\Program Files\Java\jdk1.8.0_73\jre\bin\java.dll
0x0000000062790000 - 0x00000000627a6000 	C:\Program Files\Java\jdk1.8.0_73\jre\bin\zip.dll
0x00007ffe0aa70000 - 0x00007ffe0bfcc000 	C:\WINDOWS\system32\SHELL32.dll
0x00007ffe09fb0000 - 0x00007ffe0a5f5000 	C:\WINDOWS\system32\windows.storage.dll
0x00007ffe0a820000 - 0x00007ffe0a872000 	C:\WINDOWS\system32\shlwapi.dll
0x00007ffe099e0000 - 0x00007ffe099ef000 	C:\WINDOWS\system32\kernel.appcore.dll
0x00007ffe09ae0000 - 0x00007ffe09b95000 	C:\WINDOWS\system32\shcore.dll
0x00007ffe099f0000 - 0x00007ffe09a3b000 	C:\WINDOWS\system32\powrprof.dll
0x00007ffe09a50000 - 0x00007ffe09a64000 	C:\WINDOWS\system32\profapi.dll

VM Arguments:
jvm_args: -Djava.awt.headless=true -Xmx1024M -Dfile.encoding=windows-1257 -Duser.country=US -Duser.language=en -Duser.variant 
java_command: com.android.dx.command.Main --dex --num-threads=4 --output C:\Users\AndroidStudio\Desktop\Kalkulaator_III\app\build\intermediates\pre-dexed\debug\com.android.support-recyclerview-v7-23.2.1_f045b4797c8f5d8ef321060b757075929dcf88c8.jar C:\Users\AndroidStudio\Desktop\Kalkulaator_III\app\build\intermediates\exploded-aar\com.android.support\recyclerview-v7\23.2.1\jars\classes.jar
java_class_path (initial): C:\Users\AndroidStudio\AppData\Local\Android\sdk\build-tools\23.0.2\lib\dx.jar
Launcher Type: SUN_STANDARD

Environment Variables:
PATH=C:\ProgramData\Oracle\Java\javapath;C:\WINDOWS\system32;C:\WINDOWS;C:\WINDOWS\System32\Wbem;C:\WINDOWS\System32\WindowsPowerShell\v1.0\
USERNAME=AndroidStudio
OS=Windows_NT
PROCESSOR_IDENTIFIER=Intel64 Family 6 Model 45 Stepping 7, GenuineIntel



---------------  S Y S T E M  ---------------

OS: Windows 10.0 , 64 bit Build 10586 (10.0.10586.0)

CPU:total 8 (4 cores per cpu, 1 threads per core) family 6 model 45 stepping 7, cmov, cx8, fxsr, mmx, sse, sse2, sse3, ssse3, sse4.1, sse4.2, popcnt, avx, aes, clmul, tsc, tscinvbit, tscinv

Memory: 4k page, physical 8388148k(2114116k free), swap 8388148k(7284k free)

vm_info: Java HotSpot(TM) 64-Bit Server VM (25.73-b02) for windows-amd64 JRE (1.8.0_73-b02), built on Jan 29 2016 17:38:49 by "java_re" with MS VC++ 10.0 (VS2010)

time: Sun Apr 03 16:53:19 2016
elapsed time: 1 seconds (0d 0h 0m 1s)

