#
# There is insufficient memory for the Java Runtime Environment to continue.
# Native memory allocation (malloc) failed to allocate 542224 bytes for Chunk::new
# Possible reasons:
#   The system is out of physical RAM or swap space
#   In 32 bit mode, the process size limit was hit
# Possible solutions:
#   Reduce memory load on the system
#   Increase physical memory or swap space
#   Check if swap backing store is full
#   Use 64 bit Java on a 64 bit OS
#   Decrease Java heap size (-Xmx/-Xms)
#   Decrease number of Java threads
#   Decrease Java thread stack sizes (-Xss)
#   Set larger code cache with -XX:ReservedCodeCacheSize=
# This output file may be truncated or incomplete.
#
#  Out of Memory Error (allocation.cpp:390), pid=4240, tid=5768
#
# JRE version: Java(TM) SE Runtime Environment (8.0_73-b02) (build 1.8.0_73-b02)
# Java VM: Java HotSpot(TM) 64-Bit Server VM (25.73-b02 mixed mode windows-amd64 compressed oops)
# Failed to write core dump. Minidumps are not enabled by default on client versions of Windows
#

---------------  T H R E A D  ---------------

Current thread (0x0000000016ebe800):  JavaThread "C2 CompilerThread2" daemon [_thread_in_native, id=5768, stack(0x0000000017640000,0x0000000017740000)]

Stack: [0x0000000017640000,0x0000000017740000]
[error occurred during error reporting (printing stack bounds), id 0xc0000005]

Native frames: (J=compiled Java code, j=interpreted, Vv=VM code, C=native code)


Current CompileTask:
C2:   1717 1186       4       com.android.dx.ssa.LiteralOpUpgrader$1::visitNonMoveInsn (203 bytes)


---------------  P R O C E S S  ---------------

Java Threads: ( => current thread )
  0x000000001719b000 JavaThread "pool-1-thread-4" [_thread_blocked, id=7876, stack(0x0000000018640000,0x0000000018740000)]
  0x000000001719a800 JavaThread "pool-1-thread-3" [_thread_in_Java, id=6152, stack(0x0000000018540000,0x0000000018640000)]
  0x0000000017195800 JavaThread "pool-1-thread-2" [_thread_in_Java, id=2940, stack(0x0000000018440000,0x0000000018540000)]
  0x000000001713d000 JavaThread "pool-2-thread-1" [_thread_blocked, id=7736, stack(0x0000000018340000,0x0000000018440000)]
  0x000000001713c800 JavaThread "pool-1-thread-1" [_thread_in_Java, id=2528, stack(0x0000000018240000,0x0000000018340000)]
  0x0000000016eeb000 JavaThread "Service Thread" daemon [_thread_blocked, id=6800, stack(0x0000000017840000,0x0000000017940000)]
  0x0000000016ec6800 JavaThread "C1 CompilerThread3" daemon [_thread_in_native, id=5716, stack(0x0000000017740000,0x0000000017840000)]
=>0x0000000016ebe800 JavaThread "C2 CompilerThread2" daemon [_thread_in_native, id=5768, stack(0x0000000017640000,0x0000000017740000)]
  0x0000000016e92800 JavaThread "C2 CompilerThread1" daemon [_thread_in_native, id=1060, stack(0x0000000017540000,0x0000000017640000)]
  0x0000000016e68000 JavaThread "C2 CompilerThread0" daemon [_thread_in_native, id=5620, stack(0x0000000017440000,0x0000000017540000)]
  0x0000000016e67000 JavaThread "Attach Listener" daemon [_thread_blocked, id=7404, stack(0x0000000017340000,0x0000000017440000)]
  0x0000000016e66800 JavaThread "Signal Dispatcher" daemon [_thread_blocked, id=1504, stack(0x0000000017240000,0x0000000017340000)]
  0x0000000014d6d000 JavaThread "Finalizer" daemon [_thread_blocked, id=7592, stack(0x0000000016c40000,0x0000000016d40000)]
  0x0000000002244000 JavaThread "Reference Handler" daemon [_thread_blocked, id=3860, stack(0x0000000016b40000,0x0000000016c40000)]
  0x0000000002150800 JavaThread "main" [_thread_in_Java, id=5748, stack(0x0000000002050000,0x0000000002150000)]

Other Threads:
  0x0000000014d69000 VMThread [stack: 0x0000000016a40000,0x0000000016b40000] [id=7244]
  0x0000000016ede000 WatcherThread [stack: 0x0000000017940000,0x0000000017a40000] [id=3396]

VM state:not at safepoint (normal execution)

VM Mutex/Monitor currently owned by a thread: None

Heap:
 PSYoungGen      total 38400K, used 13823K [0x00000000eab00000, 0x00000000ef600000, 0x0000000100000000)
  eden space 33280K, 26% used [0x00000000eab00000,0x00000000eb3840f0,0x00000000ecb80000)
  from space 5120K, 99% used [0x00000000ecb80000,0x00000000ed07bd10,0x00000000ed080000)
  to   space 5120K, 0% used [0x00000000ef100000,0x00000000ef100000,0x00000000ef600000)
 ParOldGen       total 87552K, used 905K [0x00000000c0000000, 0x00000000c5580000, 0x00000000eab00000)
  object space 87552K, 1% used [0x00000000c0000000,0x00000000c00e2650,0x00000000c5580000)
 Metaspace       used 6015K, capacity 6896K, committed 7040K, reserved 1056768K
  class space    used 602K, capacity 616K, committed 640K, reserved 1048576K

Card table byte_map: [0x0000000011610000,0x0000000011820000] byte_map_base: 0x0000000011010000

Marking Bits: (ParMarkBitMap*) 0x00000000630e0600
 Begin Bits: [0x0000000012180000, 0x0000000013180000)
 End Bits:   [0x0000000013180000, 0x0000000014180000)

Polling page: 0x0000000001fd0000

CodeCache: size=245760Kb used=4640Kb max_used=4640Kb free=241119Kb
 bounds [0x0000000002250000, 0x00000000026e0000, 0x0000000011250000]
 total_blobs=1464 nmethods=1195 adapters=182
 compilation: enabled

Compilation events (10 events):
Event: 1.715 Thread 0x0000000016e92800 nmethod 1196 0x00000000026d3f90 code [0x00000000026d4100, 0x00000000026d4568]
Event: 1.715 Thread 0x0000000016e92800 1199       4       com.android.dx.rop.code.InsnList::set (7 bytes)
Event: 1.715 Thread 0x0000000016ec6800 nmethod 1214 0x00000000026d4ad0 code [0x00000000026d5020, 0x00000000026d8768]
Event: 1.715 Thread 0x0000000016ec6800 1215       3       com.android.dx.cf.code.LocalVariableList$Item::<init> (115 bytes)
Event: 1.715 Thread 0x0000000016ec6800 nmethod 1215 0x00000000026d3390 code [0x00000000026d3580, 0x00000000026d3c68]
Event: 1.715 Thread 0x0000000016ec6800 1212       3       com.android.dx.cf.direct.AttributeListParser::getEndOffset (9 bytes)
Event: 1.716 Thread 0x0000000016ec6800 nmethod 1212 0x00000000026c04d0 code [0x00000000026c0640, 0x00000000026c0888]
Event: 1.716 Thread 0x0000000016ec6800 1213       3       com.android.dx.cf.direct.AttributeListParser::getList (9 bytes)
Event: 1.716 Thread 0x0000000016ec6800 nmethod 1213 0x00000000026bb910 code [0x00000000026bba80, 0x00000000026bbcc8]
Event: 1.716 Thread 0x0000000016ec6800 1197       3       com.android.dx.ssa.back.FirstFitLocalCombiningAllocator::findRopRegForLocal (74 bytes)

GC Heap History (2 events):
Event: 1.321 GC heap before
{Heap before GC invocations=1 (full 0):
 PSYoungGen      total 38400K, used 33280K [0x00000000eab00000, 0x00000000ed580000, 0x0000000100000000)
  eden space 33280K, 100% used [0x00000000eab00000,0x00000000ecb80000,0x00000000ecb80000)
  from space 5120K, 0% used [0x00000000ed080000,0x00000000ed080000,0x00000000ed580000)
  to   space 5120K, 0% used [0x00000000ecb80000,0x00000000ecb80000,0x00000000ed080000)
 ParOldGen       total 87552K, used 0K [0x00000000c0000000, 0x00000000c5580000, 0x00000000eab00000)
  object space 87552K, 0% used [0x00000000c0000000,0x00000000c0000000,0x00000000c5580000)
 Metaspace       used 5947K, capacity 6832K, committed 7040K, reserved 1056768K
  class space    used 602K, capacity 616K, committed 640K, reserved 1048576K
Event: 1.552 GC heap after
Heap after GC invocations=1 (full 0):
 PSYoungGen      total 38400K, used 5103K [0x00000000eab00000, 0x00000000ef600000, 0x0000000100000000)
  eden space 33280K, 0% used [0x00000000eab00000,0x00000000eab00000,0x00000000ecb80000)
  from space 5120K, 99% used [0x00000000ecb80000,0x00000000ed07bd10,0x00000000ed080000)
  to   space 5120K, 0% used [0x00000000ef100000,0x00000000ef100000,0x00000000ef600000)
 ParOldGen       total 87552K, used 905K [0x00000000c0000000, 0x00000000c5580000, 0x00000000eab00000)
  object space 87552K, 1% used [0x00000000c0000000,0x00000000c00e2650,0x00000000c5580000)
 Metaspace       used 5947K, capacity 6832K, committed 7040K, reserved 1056768K
  class space    used 602K, capacity 616K, committed 640K, reserved 1048576K
}

Deoptimization events (8 events):
Event: 0.197 Thread 0x0000000002150800 Uncommon trap: reason=unstable_if action=reinterpret pc=0x00000000023a4dd4 method=java.lang.String.compareTo(Ljava/lang/String;)I @ 38
Event: 0.533 Thread 0x0000000017195800 Uncommon trap: reason=unstable_if action=reinterpret pc=0x000000000246673c method=java.util.HashMap.getNode(ILjava/lang/Object;)Ljava/util/HashMap$Node; @ 62
Event: 0.564 Thread 0x000000001713c800 Uncommon trap: reason=unstable_if action=reinterpret pc=0x0000000002485434 method=java.util.BitSet.ensureCapacity(I)V @ 6
Event: 0.564 Thread 0x000000001713c800 Uncommon trap: reason=unstable_if action=reinterpret pc=0x000000000246cab0 method=java.util.BitSet.nextSetBit(I)I @ 87
Event: 1.030 Thread 0x000000001719b000 Uncommon trap: reason=null_check action=make_not_entrant pc=0x0000000002540a08 method=com.android.dx.ssa.SsaRenamer.getLocalForNewReg(I)Lcom/android/dx/rop/code/LocalItem; @ 19
Event: 1.045 Thread 0x000000001719b000 Uncommon trap: reason=unstable_if action=reinterpret pc=0x0000000002594f6c method=com.android.dx.rop.code.RegisterSpecSet.put(Lcom/android/dx/rop/code/RegisterSpec;)V @ 77
Event: 1.147 Thread 0x0000000017195800 Uncommon trap: reason=unstable_if action=reinterpret pc=0x000000000254bde0 method=com.android.dx.rop.code.RegisterSpec.equals(ILcom/android/dx/rop/type/TypeBearer;Lcom/android/dx/rop/code/LocalItem;)Z @ 42
Event: 1.166 Thread 0x0000000017195800 Uncommon trap: reason=bimorphic action=maybe_recompile pc=0x0000000002474ae8 method=java.util.HashMap.getNode(ILjava/lang/Object;)Ljava/util/HashMap$Node; @ 126

Internal exceptions (3 events):
Event: 0.040 Thread 0x0000000002150800 Exception <a 'java/lang/NoSuchMethodError': Method sun.misc.Unsafe.defineClass(Ljava/lang/String;[BII)Ljava/lang/Class; name or signature does not match> (0x00000000eab13108) thrown at [D:\re\puppet\workspace\8-2-build-windows-amd64-cygwin\jdk8u73\6086\hotjô­ðŸD¤?
Event: 0.040 Thread 0x0000000002150800 Exception <a 'java/lang/NoSuchMethodError': Method sun.misc.Unsafe.prefetchRead(Ljava/lang/Object;J)V name or signature does not match> (0x00000000eab133f0) thrown at [D:\re\puppet\workspace\8-2-build-windows-amd64-cygwin\jdk8u73\6086\hotspot\src\share\vm\qa±<|ð?
Event: 1.030 Thread 0x000000001719b000 Implicit null exception at 0x000000000253e97e to 0x00000000025409c5

Events (10 events):
Event: 1.051 loading class com/android/dx/dex/file/FieldAnnotationStruct
Event: 1.051 loading class com/android/dx/dex/file/FieldAnnotationStruct done
Event: 1.147 Thread 0x0000000017195800 Uncommon trap: trap_request=0xffffff65 fr.pc=0x000000000254bde0
Event: 1.147 Thread 0x0000000017195800 DEOPT PACKING pc=0x000000000254bde0 sp=0x000000001853e940
Event: 1.147 Thread 0x0000000017195800 DEOPT UNPACKING pc=0x000000000229582a sp=0x000000001853e8c8 mode 2
Event: 1.166 Thread 0x0000000017195800 Uncommon trap: trap_request=0xffffffc6 fr.pc=0x0000000002474ae8
Event: 1.166 Thread 0x0000000017195800 DEOPT PACKING pc=0x0000000002474ae8 sp=0x000000001853e970
Event: 1.166 Thread 0x0000000017195800 DEOPT UNPACKING pc=0x000000000229582a sp=0x000000001853e878 mode 2
Event: 1.186 Executing VM operation: ParallelGCFailedAllocation
Event: 1.552 Executing VM operation: ParallelGCFailedAllocation done


Dynamic libraries:
0x00007ff7bf1b0000 - 0x00007ff7bf1e7000 	C:\Program Files\Java\jdk1.8.0_73\bin\java.exe
0x00007ffe0d3c0000 - 0x00007ffe0d581000 	C:\WINDOWS\SYSTEM32\ntdll.dll
0x00007ffe0c610000 - 0x00007ffe0c6bd000 	C:\WINDOWS\system32\KERNEL32.DLL
0x00007ffe09dc0000 - 0x00007ffe09fa8000 	C:\WINDOWS\system32\KERNELBASE.dll
0x00007ffe0c6d0000 - 0x00007ffe0c777000 	C:\WINDOWS\system32\ADVAPI32.dll
0x00007ffe0c780000 - 0x00007ffe0c81d000 	C:\WINDOWS\system32\msvcrt.dll
0x00007ffe0a7c0000 - 0x00007ffe0a81b000 	C:\WINDOWS\system32\sechost.dll
0x00007ffe0c080000 - 0x00007ffe0c19c000 	C:\WINDOWS\system32\RPCRT4.dll
0x00007ffe0ca60000 - 0x00007ffe0cbb6000 	C:\WINDOWS\system32\USER32.dll
0x00007ffe0a8e0000 - 0x00007ffe0aa66000 	C:\WINDOWS\system32\GDI32.dll
0x00007ffdfb900000 - 0x00007ffdfbb74000 	C:\WINDOWS\WinSxS\amd64_microsoft.windows.common-controls_6595b64144ccf1df_6.0.10586.0_none_8c15ae12515e1c22\COMCTL32.dll
0x00007ffe0cf00000 - 0x00007ffe0d17d000 	C:\WINDOWS\system32\combase.dll
0x00007ffe09a70000 - 0x00007ffe09ada000 	C:\WINDOWS\system32\bcryptPrimitives.dll
0x00007ffe0c5d0000 - 0x00007ffe0c60b000 	C:\WINDOWS\system32\IMM32.DLL
0x00000000627f0000 - 0x00000000628c2000 	C:\Program Files\Java\jdk1.8.0_73\jre\bin\msvcr100.dll
0x00000000628d0000 - 0x0000000063160000 	C:\Program Files\Java\jdk1.8.0_73\jre\bin\server\jvm.dll
0x00007ffe0c6c0000 - 0x00007ffe0c6c8000 	C:\WINDOWS\system32\PSAPI.DLL
0x00007ffe03470000 - 0x00007ffe03479000 	C:\WINDOWS\SYSTEM32\WSOCK32.dll
0x00007ffe0c9f0000 - 0x00007ffe0ca5b000 	C:\WINDOWS\system32\WS2_32.dll
0x00007ffe08190000 - 0x00007ffe081b3000 	C:\WINDOWS\SYSTEM32\WINMM.dll
0x00007ffe02a50000 - 0x00007ffe02a5a000 	C:\WINDOWS\SYSTEM32\VERSION.dll
0x00007ffe080b0000 - 0x00007ffe080dc000 	C:\WINDOWS\SYSTEM32\WINMMBASE.dll
0x00007ffe09d70000 - 0x00007ffe09db3000 	C:\WINDOWS\system32\cfgmgr32.dll
0x00000000627e0000 - 0x00000000627ef000 	C:\Program Files\Java\jdk1.8.0_73\jre\bin\verify.dll
0x00000000627b0000 - 0x00000000627d9000 	C:\Program Files\Java\jdk1.8.0_73\jre\bin\java.dll
0x0000000062790000 - 0x00000000627a6000 	C:\Program Files\Java\jdk1.8.0_73\jre\bin\zip.dll
0x00007ffe0aa70000 - 0x00007ffe0bfcc000 	C:\WINDOWS\system32\SHELL32.dll
0x00007ffe09fb0000 - 0x00007ffe0a5f5000 	C:\WINDOWS\system32\windows.storage.dll
0x00007ffe0a820000 - 0x00007ffe0a872000 	C:\WINDOWS\system32\shlwapi.dll
0x00007ffe099e0000 - 0x00007ffe099ef000 	C:\WINDOWS\system32\kernel.appcore.dll
0x00007ffe09ae0000 - 0x00007ffe09b95000 	C:\WINDOWS\system32\shcore.dll
0x00007ffe099f0000 - 0x00007ffe09a3b000 	C:\WINDOWS\system32\powrprof.dll
0x00007ffe09a50000 - 0x00007ffe09a64000 	C:\WINDOWS\system32\profapi.dll

VM Arguments:
jvm_args: -Djava.awt.headless=true -Xmx1024M -Dfile.encoding=windows-1257 -Duser.country=US -Duser.language=en -Duser.variant 
java_command: com.android.dx.command.Main --dex --num-threads=4 --output C:\Users\AndroidStudio\Desktop\Kalkulaator_III\app\build\intermediates\pre-dexed\debug\com.android.support-appcompat-v7-23.2.1_d7022eebaa6e99b039388fe7219f56f494e1419e.jar C:\Users\AndroidStudio\Desktop\Kalkulaator_III\app\build\intermediates\exploded-aar\com.android.support\appcompat-v7\23.2.1\jars\classes.jar
java_class_path (initial): C:\Users\AndroidStudio\AppData\Local\Android\sdk\build-tools\23.0.2\lib\dx.jar
Launcher Type: SUN_STANDARD

Environment Variables:
PATH=C:\ProgramData\Oracle\Java\javapath;C:\WINDOWS\system32;C:\WINDOWS;C:\WINDOWS\System32\Wbem;C:\WINDOWS\System32\WindowsPowerShell\v1.0\
USERNAME=AndroidStudio
OS=Windows_NT
PROCESSOR_IDENTIFIER=Intel64 Family 6 Model 45 Stepping 7, GenuineIntel



---------------  S Y S T E M  ---------------

OS: Windows 10.0 , 64 bit Build 10586 (10.0.10586.0)

CPU:total 8 (4 cores per cpu, 1 threads per core) family 6 model 45 stepping 7, cmov, cx8, fxsr, mmx, sse, sse2, sse3, ssse3, sse4.1, sse4.2, popcnt, avx, aes, clmul, tsc, tscinvbit, tscinv

Memory: 4k page, physical 8388148k(2978380k free), swap 8388148k(5488k free)

vm_info: Java HotSpot(TM) 64-Bit Server VM (25.73-b02) for windows-amd64 JRE (1.8.0_73-b02), built on Jan 29 2016 17:38:49 by "java_re" with MS VC++ 10.0 (VS2010)

time: Sun Apr 03 23:11:52 2016
elapsed time: 1 seconds (0d 0h 0m 1s)

