#
# There is insufficient memory for the Java Runtime Environment to continue.
# Native memory allocation (malloc) failed to allocate 43808 bytes for Chunk::new
# Possible reasons:
#   The system is out of physical RAM or swap space
#   In 32 bit mode, the process size limit was hit
# Possible solutions:
#   Reduce memory load on the system
#   Increase physical memory or swap space
#   Check if swap backing store is full
#   Use 64 bit Java on a 64 bit OS
#   Decrease Java heap size (-Xmx/-Xms)
#   Decrease number of Java threads
#   Decrease Java thread stack sizes (-Xss)
#   Set larger code cache with -XX:ReservedCodeCacheSize=
# This output file may be truncated or incomplete.
#
#  Out of Memory Error (allocation.cpp:390), pid=2352, tid=404
#
# JRE version: Java(TM) SE Runtime Environment (8.0_73-b02) (build 1.8.0_73-b02)
# Java VM: Java HotSpot(TM) 64-Bit Server VM (25.73-b02 mixed mode windows-amd64 compressed oops)
# Failed to write core dump. Minidumps are not enabled by default on client versions of Windows
#

---------------  T H R E A D  ---------------

Current thread (0x0000000016e64000):  JavaThread "C2 CompilerThread0" daemon [_thread_in_native, id=404, stack(0x0000000017430000,0x0000000017530000)]

Stack: [0x0000000017430000,0x0000000017530000]
[error occurred during error reporting (printing stack bounds), id 0xc0000005]

Native frames: (J=compiled Java code, j=interpreted, Vv=VM code, C=native code)


Current CompileTask:
C2:   1252 1153       4       com.android.dx.util.LabeledList::set (45 bytes)


---------------  P R O C E S S  ---------------

Java Threads: ( => current thread )
  0x0000000017138800 JavaThread "pool-1-thread-4" [_thread_blocked, id=2296, stack(0x0000000018630000,0x0000000018730000)]
  0x0000000017134000 JavaThread "pool-1-thread-3" [_thread_blocked, id=7632, stack(0x0000000018530000,0x0000000018630000)]
  0x0000000017172000 JavaThread "pool-1-thread-2" [_thread_blocked, id=7164, stack(0x0000000018430000,0x0000000018530000)]
  0x000000001716d000 JavaThread "pool-2-thread-1" [_thread_blocked, id=5348, stack(0x0000000018330000,0x0000000018430000)]
  0x000000001721f000 JavaThread "pool-1-thread-1" [_thread_blocked, id=6944, stack(0x0000000018230000,0x0000000018330000)]
  0x0000000016ece800 JavaThread "Service Thread" daemon [_thread_blocked, id=152, stack(0x0000000017830000,0x0000000017930000)]
  0x0000000016e67000 JavaThread "C1 CompilerThread3" daemon [_thread_blocked, id=5548, stack(0x0000000017730000,0x0000000017830000)]
  0x0000000016e5a800 JavaThread "C2 CompilerThread2" daemon [_thread_in_native, id=3068, stack(0x0000000017630000,0x0000000017730000)]
  0x0000000016e54800 JavaThread "C2 CompilerThread1" daemon [_thread_in_native, id=7052, stack(0x0000000017530000,0x0000000017630000)]
=>0x0000000016e64000 JavaThread "C2 CompilerThread0" daemon [_thread_in_native, id=404, stack(0x0000000017430000,0x0000000017530000)]
  0x0000000016e62800 JavaThread "Attach Listener" daemon [_thread_blocked, id=1640, stack(0x0000000017330000,0x0000000017430000)]
  0x0000000016e61800 JavaThread "Signal Dispatcher" daemon [_thread_blocked, id=7792, stack(0x0000000017230000,0x0000000017330000)]
  0x0000000002239800 JavaThread "Finalizer" daemon [_thread_blocked, id=6520, stack(0x0000000016c30000,0x0000000016d30000)]
  0x0000000014d5d800 JavaThread "Reference Handler" daemon [_thread_blocked, id=5836, stack(0x0000000016b30000,0x0000000016c30000)]
  0x0000000002140800 JavaThread "main" [_thread_blocked, id=3620, stack(0x0000000001fd0000,0x00000000020d0000)]

Other Threads:
  0x0000000014d59000 VMThread [stack: 0x0000000016a30000,0x0000000016b30000] [id=5320]
  0x0000000016ee2000 WatcherThread [stack: 0x0000000017930000,0x0000000017a30000] [id=4428]

VM state:at safepoint (normal execution)

VM Mutex/Monitor currently owned by a thread:  ([mutex/lock_event])
[0x000000000213c000] Threads_lock - owner thread: 0x0000000014d59000
[0x000000000213c700] Heap_lock - owner thread: 0x0000000017134000

Heap:
 PSYoungGen      total 38400K, used 33280K [0x00000000eab00000, 0x00000000ed580000, 0x0000000100000000)
  eden space 33280K, 100% used [0x00000000eab00000,0x00000000ecb80000,0x00000000ecb80000)
  from space 5120K, 0% used [0x00000000ed080000,0x00000000ed080000,0x00000000ed580000)
  to   space 5120K, 30% used [0x00000000ecb80000,0x00000000ecd01c50,0x00000000ed080000)
 ParOldGen       total 87552K, used 16K [0x00000000c0000000, 0x00000000c5580000, 0x00000000eab00000)
  object space 87552K, 0% used [0x00000000c0000000,0x00000000c0004000,0x00000000c5580000)
 Metaspace       used 5924K, capacity 6832K, committed 7040K, reserved 1056768K
  class space    used 595K, capacity 616K, committed 640K, reserved 1048576K

Card table byte_map: [0x0000000011600000,0x0000000011810000] byte_map_base: 0x0000000011000000

Marking Bits: (ParMarkBitMap*) 0x00000000630e0600
 Begin Bits: [0x0000000012170000, 0x0000000013170000)
 End Bits:   [0x0000000013170000, 0x0000000014170000)

Polling page: 0x00000000020d0000

CodeCache: size=245760Kb used=4577Kb max_used=4577Kb free=241182Kb
 bounds [0x0000000002240000, 0x00000000026c0000, 0x0000000011240000]
 total_blobs=1435 nmethods=1166 adapters=182
 compilation: enabled

Compilation events (10 events):
Event: 1.244 Thread 0x0000000016e67000 nmethod 1162 0x00000000026ac050 code [0x00000000026ac1c0, 0x00000000026ac3c8]
Event: 1.244 Thread 0x0000000016e67000 1164       3       com.android.dx.ssa.SsaMethod$1::visitPhiInsn (17 bytes)
Event: 1.245 Thread 0x0000000016e67000 nmethod 1164 0x00000000026b2110 code [0x00000000026b2280, 0x00000000026b2670]
Event: 1.245 Thread 0x0000000016e67000 1167       3       com.android.dx.ssa.back.LivenessAnalyzer::coInterferePhis (128 bytes)
Event: 1.246 Thread 0x0000000016e67000 nmethod 1167 0x00000000026b2810 code [0x00000000026b2aa0, 0x00000000026b3d98]
Event: 1.246 Thread 0x0000000016e67000 1169       3       com.android.dx.ssa.back.FirstFitLocalCombiningAllocator::canMapRegs (60 bytes)
Event: 1.246 Thread 0x0000000016e67000 nmethod 1169 0x00000000026b4790 code [0x00000000026b4a00, 0x00000000026b5a08]
Event: 1.246 Thread 0x0000000016e67000 1174       3       com.android.dx.rop.code.PlainCstInsn::withNewRegisters (22 bytes)
Event: 1.247 Thread 0x0000000016e67000 nmethod 1174 0x00000000026b62d0 code [0x00000000026b6480, 0x00000000026b6bc8]
Event: 1.247 Thread 0x0000000016e67000 1176       3       com.android.dx.ssa.LocalVariableInfo::addAssignment (43 bytes)

GC Heap History (0 events):
No events

Deoptimization events (2 events):
Event: 0.319 Thread 0x0000000002140800 Uncommon trap: reason=unstable_if action=reinterpret pc=0x0000000002396a94 method=java.lang.String.compareTo(Ljava/lang/String;)I @ 38
Event: 0.826 Thread 0x0000000017134000 Uncommon trap: reason=unstable_if action=reinterpret pc=0x0000000002515fdc method=com.android.dx.rop.cst.Constant.compareTo(Lcom/android/dx/rop/cst/Constant;)I @ 12

Internal exceptions (2 events):
Event: 0.041 Thread 0x0000000002140800 Exception <a 'java/lang/NoSuchMethodError': Method sun.misc.Unsafe.defineClass(Ljava/lang/String;[BII)Ljava/lang/Class; name or signature does not match> (0x00000000eab13108) thrown at [D:\re\puppet\workspace\8-2-build-windows-amd64-cygwin\jdk8u73\6086\hotìÛÏÿ7Ò¤?
Event: 0.041 Thread 0x0000000002140800 Exception <a 'java/lang/NoSuchMethodError': Method sun.misc.Unsafe.prefetchRead(Ljava/lang/Object;J)V name or signature does not match> (0x00000000eab133f0) thrown at [D:\re\puppet\workspace\8-2-build-windows-amd64-cygwin\jdk8u73\6086\hotspot\src\share\vm\

Events (10 events):
Event: 0.810 Executing VM operation: ForceSafepoint done
Event: 0.822 loading class java/util/DualPivotQuicksort
Event: 0.822 loading class java/util/DualPivotQuicksort done
Event: 0.826 loading class java/util/TreeMap$EntrySet
Event: 0.826 Thread 0x0000000017134000 Uncommon trap: trap_request=0xffffff65 fr.pc=0x0000000002515fdc
Event: 0.826 Thread 0x0000000017134000 DEOPT PACKING pc=0x0000000002515fdc sp=0x000000001862e830
Event: 0.826 loading class java/util/TreeMap$EntrySet done
Event: 0.826 Thread 0x0000000017134000 DEOPT UNPACKING pc=0x000000000228582a sp=0x000000001862e7d0 mode 2
Event: 0.826 loading class java/util/TreeMap$EntryIterator
Event: 0.826 loading class java/util/TreeMap$EntryIterator done


Dynamic libraries:
0x00007ff7bf1b0000 - 0x00007ff7bf1e7000 	C:\Program Files\Java\jdk1.8.0_73\bin\java.exe
0x00007ffe0d3c0000 - 0x00007ffe0d581000 	C:\WINDOWS\SYSTEM32\ntdll.dll
0x00007ffe0c610000 - 0x00007ffe0c6bd000 	C:\WINDOWS\system32\KERNEL32.DLL
0x00007ffe09dc0000 - 0x00007ffe09fa8000 	C:\WINDOWS\system32\KERNELBASE.dll
0x00007ffe0c6d0000 - 0x00007ffe0c777000 	C:\WINDOWS\system32\ADVAPI32.dll
0x00007ffe0c780000 - 0x00007ffe0c81d000 	C:\WINDOWS\system32\msvcrt.dll
0x00007ffe0a7c0000 - 0x00007ffe0a81b000 	C:\WINDOWS\system32\sechost.dll
0x00007ffe0c080000 - 0x00007ffe0c19c000 	C:\WINDOWS\system32\RPCRT4.dll
0x00007ffe0ca60000 - 0x00007ffe0cbb6000 	C:\WINDOWS\system32\USER32.dll
0x00007ffe0a8e0000 - 0x00007ffe0aa66000 	C:\WINDOWS\system32\GDI32.dll
0x00007ffdfb900000 - 0x00007ffdfbb74000 	C:\WINDOWS\WinSxS\amd64_microsoft.windows.common-controls_6595b64144ccf1df_6.0.10586.0_none_8c15ae12515e1c22\COMCTL32.dll
0x00007ffe0cf00000 - 0x00007ffe0d17d000 	C:\WINDOWS\system32\combase.dll
0x00007ffe09a70000 - 0x00007ffe09ada000 	C:\WINDOWS\system32\bcryptPrimitives.dll
0x00007ffe0c5d0000 - 0x00007ffe0c60b000 	C:\WINDOWS\system32\IMM32.DLL
0x00000000627f0000 - 0x00000000628c2000 	C:\Program Files\Java\jdk1.8.0_73\jre\bin\msvcr100.dll
0x00000000628d0000 - 0x0000000063160000 	C:\Program Files\Java\jdk1.8.0_73\jre\bin\server\jvm.dll
0x00007ffe0c6c0000 - 0x00007ffe0c6c8000 	C:\WINDOWS\system32\PSAPI.DLL
0x00007ffe03470000 - 0x00007ffe03479000 	C:\WINDOWS\SYSTEM32\WSOCK32.dll
0x00007ffe0c9f0000 - 0x00007ffe0ca5b000 	C:\WINDOWS\system32\WS2_32.dll
0x00007ffe08190000 - 0x00007ffe081b3000 	C:\WINDOWS\SYSTEM32\WINMM.dll
0x00007ffe02a50000 - 0x00007ffe02a5a000 	C:\WINDOWS\SYSTEM32\VERSION.dll
0x00007ffe080b0000 - 0x00007ffe080dc000 	C:\WINDOWS\SYSTEM32\WINMMBASE.dll
0x00007ffe09d70000 - 0x00007ffe09db3000 	C:\WINDOWS\system32\cfgmgr32.dll
0x00000000627e0000 - 0x00000000627ef000 	C:\Program Files\Java\jdk1.8.0_73\jre\bin\verify.dll
0x00000000627b0000 - 0x00000000627d9000 	C:\Program Files\Java\jdk1.8.0_73\jre\bin\java.dll
0x0000000062790000 - 0x00000000627a6000 	C:\Program Files\Java\jdk1.8.0_73\jre\bin\zip.dll
0x00007ffe0aa70000 - 0x00007ffe0bfcc000 	C:\WINDOWS\system32\SHELL32.dll
0x00007ffe09fb0000 - 0x00007ffe0a5f5000 	C:\WINDOWS\system32\windows.storage.dll
0x00007ffe0a820000 - 0x00007ffe0a872000 	C:\WINDOWS\system32\shlwapi.dll
0x00007ffe099e0000 - 0x00007ffe099ef000 	C:\WINDOWS\system32\kernel.appcore.dll
0x00007ffe09ae0000 - 0x00007ffe09b95000 	C:\WINDOWS\system32\shcore.dll
0x00007ffe099f0000 - 0x00007ffe09a3b000 	C:\WINDOWS\system32\powrprof.dll
0x00007ffe09a50000 - 0x00007ffe09a64000 	C:\WINDOWS\system32\profapi.dll

VM Arguments:
jvm_args: -Djava.awt.headless=true -Xmx1024M -Dfile.encoding=windows-1257 -Duser.country=US -Duser.language=en -Duser.variant 
java_command: com.android.dx.command.Main --dex --num-threads=4 --output C:\Users\AndroidStudio\Desktop\Kalkulaator_III\app\build\intermediates\pre-dexed\debug\internal_impl-23.2.1_4bf4d9eae8ecb0253caf11473ca2a70e3fe598ed.jar C:\Users\AndroidStudio\Desktop\Kalkulaator_III\app\build\intermediates\exploded-aar\com.android.support\support-v4\23.2.1\jars\libs\internal_impl-23.2.1.jar
java_class_path (initial): C:\Users\AndroidStudio\AppData\Local\Android\sdk\build-tools\23.0.2\lib\dx.jar
Launcher Type: SUN_STANDARD

Environment Variables:
PATH=C:\ProgramData\Oracle\Java\javapath;C:\WINDOWS\system32;C:\WINDOWS;C:\WINDOWS\System32\Wbem;C:\WINDOWS\System32\WindowsPowerShell\v1.0\
USERNAME=AndroidStudio
OS=Windows_NT
PROCESSOR_IDENTIFIER=Intel64 Family 6 Model 45 Stepping 7, GenuineIntel



---------------  S Y S T E M  ---------------

OS: Windows 10.0 , 64 bit Build 10586 (10.0.10586.0)

CPU:total 8 (4 cores per cpu, 1 threads per core) family 6 model 45 stepping 7, cmov, cx8, fxsr, mmx, sse, sse2, sse3, ssse3, sse4.1, sse4.2, popcnt, avx, aes, clmul, tsc, tscinvbit, tscinv

Memory: 4k page, physical 8388148k(2037156k free), swap 8388148k(3388k free)

vm_info: Java HotSpot(TM) 64-Bit Server VM (25.73-b02) for windows-amd64 JRE (1.8.0_73-b02), built on Jan 29 2016 17:38:49 by "java_re" with MS VC++ 10.0 (VS2010)

time: Sun Apr 03 17:01:22 2016
elapsed time: 1 seconds (0d 0h 0m 1s)

